Log file open, 12/08/17 12:22:34
LogWindows: Failed to load 'aqProf.dll' (GetLastError=126)
LogWindows: File 'aqProf.dll' does not exist
LogWindows: Failed to load 'VtuneApi.dll' (GetLastError=126)
LogWindows: File 'VtuneApi.dll' does not exist
LogWindows: Failed to load 'VtuneApi32e.dll' (GetLastError=126)
LogWindows: File 'VtuneApi32e.dll' does not exist
LogInit: Display: Running engine for game: VR_Shooting_Gallery
LogPlatformFile: Not using cached read wrapper
LogInit: Display: RandInit(-338300338) SRandInit(-338300338).
LogTaskGraph: Started task graph with 5 named threads and 8 total threads with 3 sets of task threads.
LogStats: Stats thread started at 7.033046
LogD3D11RHI: Aftermath initialized
LogPluginManager: Mounting plugin Paper2D
LogPluginManager: Mounting plugin LightPropagationVolume
LogPluginManager: Mounting plugin CodeLiteSourceCodeAccess
LogPluginManager: Mounting plugin GitSourceControl
LogPluginManager: Mounting plugin KDevelopSourceCodeAccess
LogPluginManager: Mounting plugin NullSourceCodeAccess
LogPluginManager: Mounting plugin PerforceSourceControl
LogPluginManager: Mounting plugin SubversionSourceControl
LogPluginManager: Mounting plugin UObjectPlugin
LogPluginManager: Mounting plugin VisualStudioSourceCodeAccess
LogPluginManager: Mounting plugin XCodeSourceCodeAccess
LogPluginManager: Mounting plugin AssetManagerEditor
LogPluginManager: Mounting plugin AudioCapture
LogPluginManager: Mounting plugin FacialAnimation
LogPluginManager: Mounting plugin GameplayTagsEditor
LogPluginManager: Mounting plugin MobileLauncherProfileWizard
LogPluginManager: Mounting plugin PluginBrowser
LogPluginManager: Mounting plugin SpeedTreeImporter
LogPluginManager: Mounting plugin AlembicImporter
LogPluginManager: Mounting plugin CharacterAI
LogPluginManager: Mounting plugin HTML5Networking
LogPluginManager: Mounting plugin AndroidMedia
LogPluginManager: Mounting plugin AvfMedia
LogPluginManager: Mounting plugin MediaPlayerEditor
LogPluginManager: Mounting plugin WmfMedia
LogPluginManager: Mounting plugin TcpMessaging
LogPluginManager: Mounting plugin UdpMessaging
LogPluginManager: Mounting plugin LevelSequenceEditor
LogPluginManager: Mounting plugin MatineeToLevelSequence
LogPluginManager: Mounting plugin OnlineSubsystemGooglePlay
LogPluginManager: Mounting plugin OnlineSubsystemIOS
LogPluginManager: Mounting plugin OnlineSubsystem
LogPluginManager: Mounting plugin OnlineSubsystemNull
LogPluginManager: Mounting plugin OnlineSubsystemUtils
LogPluginManager: Mounting plugin AndroidDeviceProfileSelector
LogPluginManager: Mounting plugin AndroidMoviePlayer
LogPluginManager: Mounting plugin AndroidPermission
LogPluginManager: Mounting plugin AppleMoviePlayer
LogPluginManager: Mounting plugin ArchVisCharacter
LogPluginManager: Mounting plugin CableComponent
LogPluginManager: Mounting plugin CustomMeshComponent
LogPluginManager: Mounting plugin ExampleDeviceProfileSelector
LogPluginManager: Mounting plugin GoogleCloudMessaging
LogPluginManager: Mounting plugin ImmediatePhysics
LogPluginManager: Mounting plugin IOSDeviceProfileSelector
LogPluginManager: Mounting plugin LinuxDeviceProfileSelector
LogPluginManager: Mounting plugin LocationServicesBPLibrary
LogPluginManager: Mounting plugin MobilePatchingUtils
LogPluginManager: Mounting plugin OculusVR
LogPluginManager: Mounting plugin PhysXVehicles
LogPluginManager: Mounting plugin ProceduralMeshComponent
LogPluginManager: Mounting plugin RuntimePhysXCooking
LogPluginManager: Mounting plugin SteamVR
LogPluginManager: Mounting plugin WindowsMoviePlayer
LogInit: Using libcurl 7.47.1
LogInit:  - built for x86_64-pc-win32
LogInit:  - supports SSL with OpenSSL/1.0.2g
LogInit:  - supports HTTP deflate (compression) using libz 1.2.8
LogInit:  - other features:
LogInit:      CURL_VERSION_SSL
LogInit:      CURL_VERSION_LIBZ
LogInit:      CURL_VERSION_IPV6
LogInit:      CURL_VERSION_ASYNCHDNS
LogInit:      CURL_VERSION_LARGEFILE
LogInit:      CURL_VERSION_IDN
LogInit:  CurlRequestOptions (configurable via config and command line):
LogInit:  - bVerifyPeer = false  - Libcurl will NOT verify peer certificate
LogInit:  - bUseHttpProxy = false  - Libcurl will NOT use HTTP proxy
LogInit:  - bDontReuseConnections = false  - Libcurl will reuse connections
LogInit:  - CertBundlePath = nullptr  - Libcurl will use whatever was configured at build time.
LogInit: Build: ++UE4+Release-4.17-CL-3658906
LogInit: Engine Version: 4.17.2-3658906+++UE4+Release-4.17
LogInit: Compatible Engine Version: 4.17.0-3573198+++UE4+Release-4.17
LogInit: Net CL: 3573198
LogDevObjectVersion: Number of dev versions registered: 16
LogDevObjectVersion:   Dev-Blueprints (B0D832E4-1F89-4F0D-ACCF-7EB736FD4AA2): 10
LogDevObjectVersion:   Dev-Build (E1C64328-A22C-4D53-A36C-8E866417BD8C): 0
LogDevObjectVersion:   Dev-Core (375EC13C-06E4-48FB-B500-84F0262A717E): 2
LogDevObjectVersion:   Dev-Editor (E4B068ED-F494-42E9-A231-DA0B2E46BB41): 20
LogDevObjectVersion:   Dev-Framework (CFFC743F-43B0-4480-9391-14DF171D2073): 28
LogDevObjectVersion:   Dev-Mobile (B02B49B5-BB20-44E9-A304-32B752E40360): 0
LogDevObjectVersion:   Dev-Networking (A4E4105C-59A1-49B5-A7C5-40C4547EDFEE): 0
LogDevObjectVersion:   Dev-Online (39C831C9-5AE6-47DC-9A44-9C173E1C8E7C): 0
LogDevObjectVersion:   Dev-Physics (78F01B33-EBEA-4F98-B9B4-84EACCB95AA2): 0
LogDevObjectVersion:   Dev-Platform (6631380F-2D4D-43E0-8009-CF276956A95A): 0
LogDevObjectVersion:   Dev-Rendering (12F88B9F-8875-4AFC-A67C-D90C383ABD29): 19
LogDevObjectVersion:   Dev-Sequencer (7B5AE74C-D270-4C10-A958-57980B212A5A): 4
LogDevObjectVersion:   Dev-VR (D7296918-1DD6-4BDD-9DE2-64A83CC13884): 0
LogDevObjectVersion:   Dev-LoadTimes (C2A15278-BFE7-4AFE-6C17-90FF531DF755): 1
LogDevObjectVersion:   Private-Geometry (6EACA3D4-40EC-4CC1-B786-8BED09428FC5): 1
LogDevObjectVersion:   Dev-AnimPhys (29E575DD-E0A3-4627-9D10-D276232CDCEA): 7
LogInit: Compiled (64-bit): Sep 22 2017 13:47:16
LogInit: Compiled with Visual C++: 19.00.24215.01
LogInit: Build Configuration: Development
LogInit: Branch Name: ++UE4+Release-4.17
LogInit: Command line:  
LogInit: Base directory: C:/Program Files (x86)/Epic Games/UE_4.17/Engine/Binaries/Win64/
LogInit: Installed Engine Build: 1
LogInit: Presizing for max 8388607 objects, including 0 objects not considered by GC, pre-allocating 0 bytes for permanent pool.
LogInit: Object subsystem initialized
[2017.12.08-12.22.37:114][  0]LogInit: Selected Device Profile: [Windows]
[2017.12.08-12.22.37:114][  0]LogInit: Applying CVar settings loaded from the selected device profile: [Windows]
[2017.12.08-12.22.37:321][  0]LogInit: Computer: CHRIS-LAPTOP
[2017.12.08-12.22.37:321][  0]LogInit: User: ChristopherNash
[2017.12.08-12.22.37:321][  0]LogInit: CPU Page size=4096, Cores=2
[2017.12.08-12.22.37:321][  0]LogInit: High frequency timer resolution =2.343754 MHz
[2017.12.08-12.22.37:321][  0]LogMemory: Memory total: Physical=7.9GB (8GB approx)
[2017.12.08-12.22.37:321][  0]LogMemory: Platform Memory Stats for Windows
[2017.12.08-12.22.37:321][  0]LogMemory: Process Physical Memory: 280.55 MB used, 280.55 MB peak
[2017.12.08-12.22.37:321][  0]LogMemory: Process Virtual Memory: 275.86 MB used, 275.86 MB peak
[2017.12.08-12.22.37:321][  0]LogMemory: Physical Memory: 3038.31 MB used,  5017.82 MB free, 8056.13 MB total
[2017.12.08-12.22.37:321][  0]LogMemory: Virtual Memory: 705.68 MB used,  5017.82 MB free, 134217728.00 MB total
[2017.12.08-12.22.38:695][  0]LogInit: Using OS detected language (en-GB).
[2017.12.08-12.22.38:695][  0]LogInit: Using OS detected locale (en-GB).
[2017.12.08-12.22.38:876][  0]LogTextLocalizationManager: No specific localization for 'en-GB' exists, so the 'en' localization will be used.
[2017.12.08-12.22.44:738][  0]LogD3D11RHI: D3D11 adapters:
[2017.12.08-12.22.44:808][  0]LogD3D11RHI:    0. 'NVIDIA GeForce 940M' (Feature Level 11_0)
[2017.12.08-12.22.44:809][  0]LogD3D11RHI:       2020/0/4028 MB DedicatedVideo/DedicatedSystem/SharedSystem, Outputs:1, VendorId:0x10de
[2017.12.08-12.22.44:827][  0]LogD3D11RHI:    1. 'Intel(R) HD Graphics 520' (Feature Level 11_0)
[2017.12.08-12.22.44:827][  0]LogD3D11RHI:       128/0/4028 MB DedicatedVideo/DedicatedSystem/SharedSystem, Outputs:0, VendorId:0x8086
[2017.12.08-12.22.44:829][  0]LogD3D11RHI:    2. 'Microsoft Basic Render Driver' (Feature Level 11_0)
[2017.12.08-12.22.44:829][  0]LogD3D11RHI:       0/0/4028 MB DedicatedVideo/DedicatedSystem/SharedSystem, Outputs:0, VendorId:0x1414
[2017.12.08-12.22.44:829][  0]LogD3D11RHI: Chosen D3D11 Adapter: 0
[2017.12.08-12.22.44:836][  0]LogD3D11RHI: Creating new Direct3DDevice
[2017.12.08-12.22.44:836][  0]LogD3D11RHI:     GPU DeviceId: 0x1347 (for the marketing name, search the web for "GPU Device Id")
[2017.12.08-12.22.44:836][  0]LogWindows: EnumDisplayDevices:
[2017.12.08-12.22.44:837][  0]LogWindows:    0. 'Intel(R) HD Graphics 520' (P:1 D:1)
[2017.12.08-12.22.44:837][  0]LogWindows:    1. 'Intel(R) HD Graphics 520' (P:0 D:0)
[2017.12.08-12.22.44:837][  0]LogWindows:    2. 'Intel(R) HD Graphics 520' (P:0 D:0)
[2017.12.08-12.22.44:837][  0]LogWindows: DebugString: GetVideoDriverDetailsInvalid PrimaryIsNotTheChoosenAdapter GetVideoDriverDetailsInvalid PrimaryIsNotTheChoosenAdapter GetVideoDriverDetailsInvalid PrimaryIsNotTheChoosenAdapter FoundDriverCount:0 
[2017.12.08-12.22.44:837][  0]LogD3D11RHI:     Adapter Name: NVIDIA GeForce 940M
[2017.12.08-12.22.44:837][  0]LogD3D11RHI:   Driver Version: Unknown (internal:Unknown, unified:Unknown)
[2017.12.08-12.22.44:837][  0]LogD3D11RHI:      Driver Date: Unknown
[2017.12.08-12.22.44:837][  0]LogRHI: Texture pool is 1361 MB (70% of 1945 MB)
[2017.12.08-12.22.44:912][  0]LogD3D11RHI: Async texture creation enabled
[2017.12.08-12.22.45:274][  0]LogD3D11RHI: GPU Timing Frequency: 1000.000000 (Debug: 2 1)
[2017.12.08-12.22.45:430][  0]LogShaderCompilers: Guid format shader working directory is -29 characters bigger than the processId version (../../../../../../Users/Christopher Nash/Documents/Unreal Projects/VR_Shooting_Gallery/Intermediate/Shaders/WorkingDirectory/8404/).
[2017.12.08-12.22.45:430][  0]LogShaderCompilers: Cleaned the shader compiler working directory 'C:/Users/Christopher Nash/AppData/Local/Temp/UnrealShaderWorkingDir/5145F9E54532279CB3B0C290081392A1/'.
[2017.12.08-12.22.45:444][  0]LogShaderCompilers: Display: Using Local Shader Compiler.
[2017.12.08-12.22.55:250][  0]LogTemp: Display: Loaded TP AllDesktopTargetPlatform
[2017.12.08-12.22.55:307][  0]LogTemp: Display: Loaded TP MacClientTargetPlatform
[2017.12.08-12.22.55:372][  0]LogTemp: Display: Loaded TP MacNoEditorTargetPlatform
[2017.12.08-12.22.55:445][  0]LogTemp: Display: Loaded TP MacServerTargetPlatform
[2017.12.08-12.22.55:570][  0]LogTemp: Display: Loaded TP MacTargetPlatform
[2017.12.08-12.22.55:651][  0]LogTemp: Display: Loaded TP WindowsClientTargetPlatform
[2017.12.08-12.22.55:766][  0]LogTemp: Display: Loaded TP WindowsNoEditorTargetPlatform
[2017.12.08-12.22.55:836][  0]LogTemp: Display: Loaded TP WindowsServerTargetPlatform
[2017.12.08-12.22.56:021][  0]LogTemp: Display: Loaded TP WindowsTargetPlatform
[2017.12.08-12.22.56:134][  0]LogTemp: Display: Loaded TP AndroidTargetPlatform
[2017.12.08-12.22.56:210][  0]LogTemp: Display: Loaded TP Android_ASTCTargetPlatform
[2017.12.08-12.22.56:282][  0]LogTemp: Display: Loaded TP Android_ATCTargetPlatform
[2017.12.08-12.22.56:355][  0]LogTemp: Display: Loaded TP Android_DXTTargetPlatform
[2017.12.08-12.22.56:466][  0]LogTemp: Display: Loaded TP Android_ETC1TargetPlatform
[2017.12.08-12.22.56:551][  0]LogTemp: Display: Loaded TP Android_ETC2TargetPlatform
[2017.12.08-12.22.56:680][  0]LogTemp: Display: Loaded TP Android_MultiTargetPlatform
[2017.12.08-12.22.56:680][  0]LogTemp: Display: Loaded TP Android_PVRTCTargetPlatform
[2017.12.08-12.22.56:820][  0]LogTemp: Display: Loaded TP HTML5TargetPlatform
[2017.12.08-12.22.57:005][  0]LogTemp: Display: Loaded TP IOSTargetPlatform
[2017.12.08-12.22.57:054][  0]LogTemp: Display: Loaded TP TVOSTargetPlatform
[2017.12.08-12.22.57:129][  0]LogTemp: Display: Loaded TP LinuxClientTargetPlatform
[2017.12.08-12.22.57:214][  0]LogTemp: Display: Loaded TP LinuxNoEditorTargetPlatform
[2017.12.08-12.22.57:283][  0]LogTemp: Display: Loaded TP LinuxServerTargetPlatform
[2017.12.08-12.22.57:379][  0]LogTemp: Display: Loaded TP LinuxTargetPlatform
[2017.12.08-12.22.57:379][  0]LogTargetPlatformManager: Display: Building Assets For Windows
[2017.12.08-12.22.59:409][  0]LogDerivedDataCache: Display: Max Cache Size: 512 MB
[2017.12.08-12.23.00:630][  0]LogDerivedDataCache: Loaded boot cache 1.21s 93MB C:/Users/Christopher Nash/AppData/Local/UnrealEngine/4.17/DerivedDataCache/Boot.ddc.
[2017.12.08-12.23.00:630][  0]LogDerivedDataCache: Display: Loaded Boot cache: C:/Users/Christopher Nash/AppData/Local/UnrealEngine/4.17/DerivedDataCache/Boot.ddc
[2017.12.08-12.23.00:630][  0]LogDerivedDataCache: FDerivedDataBackendGraph:  Pak pak cache file ../../../../../../Users/Christopher Nash/Documents/Unreal Projects/VR_Shooting_Gallery/DerivedDataCache/DDC.ddp not found, will not use a pak cache.
[2017.12.08-12.23.00:630][  0]LogDerivedDataCache: Unable to find inner node Pak for hierarchical cache Hierarchy.
[2017.12.08-12.23.00:630][  0]LogDerivedDataCache: FDerivedDataBackendGraph:  CompressedPak pak cache file ../../../../../../Users/Christopher Nash/Documents/Unreal Projects/VR_Shooting_Gallery/DerivedDataCache/Compressed.ddp not found, will not use a pak cache.
[2017.12.08-12.23.00:630][  0]LogDerivedDataCache: Unable to find inner node CompressedPak for hierarchical cache Hierarchy.
[2017.12.08-12.23.00:709][  0]LogDerivedDataCache: Display: Pak cache opened for reading ../../../Engine/DerivedDataCache/Compressed.ddp.
[2017.12.08-12.23.00:781][  0]LogDerivedDataCache: Using Local data cache path C:/Users/Christopher Nash/AppData/Local/UnrealEngine/Common/DerivedDataCache: Writable
[2017.12.08-12.23.00:875][  0]LogMaterial: Verifying Global Shaders for PCD3D_SM5
[2017.12.08-12.23.00:947][  0]LogSlate: Using Freetype 2.6.0
[2017.12.08-12.23.01:030][  0]LogSlate: SlateFontCache - WITH_FREETYPE: 1, WITH_HARFBUZZ: 1
[2017.12.08-12.23.01:042][  0]LogSlate: SlateFontCache - WITH_FREETYPE: 1, WITH_HARFBUZZ: 1
[2017.12.08-12.23.10:132][  0]LogAssetRegistry: FAssetRegistry took 0.0317 seconds to start up
[2017.12.08-12.23.13:309][  0]LogInit: Selected Device Profile: [Windows]
[2017.12.08-12.23.17:046][  0]LogContentStreaming: Texture pool size is 0.00 MB
[2017.12.08-12.23.18:284][  0]LogSimplygon: Simplygon DLL not present - disabling.
[2017.12.08-12.23.18:380][  0]LogMeshReduction: Using SimplygonSwarm for distributed automatic mesh merging
[2017.12.08-12.23.18:389][  0]LogMeshReduction: Using QuadricMeshReduction for automatic static mesh reduction
[2017.12.08-12.23.18:389][  0]LogMeshReduction: No automatic skeletal mesh reduction module available
[2017.12.08-12.23.18:389][  0]LogMeshReduction: No automatic mesh merging module available
[2017.12.08-12.23.18:389][  0]LogMeshMerging: No automatic mesh merging module available
[2017.12.08-12.23.21:557][  0]LogNetVersion: VR_Shooting_Gallery , NetCL: 3573198, EngineNetVer: 2, GameNetVer: 0 (Checksum: 4180774328)
[2017.12.08-12.23.23:327][  0]LogPackageLocalizationCache: Processed 5 localized package path(s) for 2 prioritized culture(s) in 0.130418 seconds
[2017.12.08-12.23.23:484][  0]LogUObjectArray: 35825 objects as part of root set at end of initial load.
[2017.12.08-12.23.23:484][  0]LogUObjectAllocator: 7529104 out of 0 bytes used by permanent object pool.
[2017.12.08-12.23.23:484][  0]LogUObjectArray: CloseDisregardForGC: 0/0 objects in disregard for GC pool
[2017.12.08-12.23.23:651][  0]LogInit: WinSock: version 1.1 (2.2), MaxSocks=32767, MaxUdp=65467
[2017.12.08-12.23.37:424][  0]LogTcpMessaging: Initializing TcpMessaging bridge
[2017.12.08-12.23.37:513][  0]LogUdpMessaging: Initializing bridge on interface 0.0.0.0:0 to multicast group 230.0.0.1:6666.
[2017.12.08-12.23.39:859][  0]LogMaterial: Uniform references updated for custom material expression Custom.
[2017.12.08-12.23.41:038][  0]SourceControl: Source control is disabled
[2017.12.08-12.23.41:039][  0]SourceControl: Source control is disabled
[2017.12.08-12.23.41:188][  0]SourceControl: Source control is disabled
[2017.12.08-12.23.41:327][  0]SourceControl: Source control is disabled
[2017.12.08-12.23.43:504][  0]LogAndroidPermission: UAndroidPermissionCallbackProxy::GetInstance
[2017.12.08-12.23.43:942][  0]LogOcInput: OculusInput pre-init called
[2017.12.08-12.23.44:875][  0]LogEngine: Initializing Engine...
[2017.12.08-12.23.44:933][  0]LogHMD: Failed to initialize OpenVR with code 110
[2017.12.08-12.23.46:044][  0]LogStats: UGameplayTagsManager::ConstructGameplayTagTree: Construct from data asset -  0.000 s
[2017.12.08-12.23.46:045][  0]LogStats: UGameplayTagsManager::ConstructGameplayTagTree: GameplayTagTreeChangedEvent.Broadcast -  0.000 s
[2017.12.08-12.23.46:671][  0]LogAIModule: Creating AISystem for world Untitled
[2017.12.08-12.23.46:871][  0]LogInit: XAudio2 using 'Speakers (Realtek High Definition Audio)' : 2 channels at 48 kHz using 32 bits per sample (channel mask 0x3)
[2017.12.08-12.23.46:942][  0]LogInit: FAudioDevice initialized.
[2017.12.08-12.23.47:661][  0]LogDerivedDataCache: Saved boot cache 0.72s 93MB C:/Users/Christopher Nash/AppData/Local/UnrealEngine/4.17/DerivedDataCache/Boot.ddc.
[2017.12.08-12.23.47:672][  0]LogInit: Texture streaming: Enabled
[2017.12.08-12.23.48:102][  0]LogEngineSessionManager: EngineSessionManager initialized
[2017.12.08-12.23.49:699][  0]LogInit: Transaction tracking system initialized
[2017.12.08-12.23.50:882][  0]BlueprintLog: New page: Editor Load
[2017.12.08-12.23.54:069][  0]LocalizationService: Localization service is disabled
[2017.12.08-12.23.55:983][  0]LogConsoleResponse: Display: 
[2017.12.08-12.23.59:799][  0]LogFileCache: Scanning file cache for directory 'C:/Users/Christopher Nash/Documents/Unreal Projects/VR_Shooting_Gallery/Content/' took 0.02s
[2017.12.08-12.23.59:799][  0]LogCook: Display: Max memory allowance for cook 16384mb min free memory 0mb
[2017.12.08-12.23.59:799][  0]LogCook: Display: Mobile HDR setting 1
[2017.12.08-12.23.59:966][  0]LogGameplayTags: Display: UGameplayTagsManager::DoneAddingNativeTags. DelegateIsBound: 0
[2017.12.08-12.24.04:496][  0]SourceControl: Source control is disabled
[2017.12.08-12.24.04:621][  0]Cmd: MAP LOAD FILE="../../../../../../Users/Christopher Nash/Documents/Unreal Projects/VR_Shooting_Gallery/Content/Maps/VRMap.umap" TEMPLATE=0 SHOWPROGRESS=1 FEATURELEVEL=3
[2017.12.08-12.24.04:656][  0]LightingResults: New page: Lighting Build
[2017.12.08-12.24.05:082][  0]MapCheck: New page: Map Check
[2017.12.08-12.24.05:082][  0]LightingResults: New page: Lighting Build
[2017.12.08-12.24.07:767][  0]LogAIModule: Creating AISystem for world VRMap
[2017.12.08-12.24.08:218][  0]LogEditorServer: Finished looking for orphan Actors (0.000 secs)
[2017.12.08-12.24.08:314][  0]Cmd: MAP CHECKDEP NOCLEARLOG
[2017.12.08-12.24.08:393][  0]MapCheck: Map check complete: 0 Error(s), 0 Warning(s), took 78.347ms to complete.
[2017.12.08-12.24.08:393][  0]LogFileHelpers: Loading map 'VRMap' took 3.824
[2017.12.08-12.24.10:129][  0]LogCollectionManager: Loaded 0 collections in 0.002353 seconds
[2017.12.08-12.24.10:355][  0]LogFileCache: Scanning file cache for directory 'C:/Users/Christopher Nash/Documents/Unreal Projects/VR_Shooting_Gallery/Saved/Collections/' took 0.01s
[2017.12.08-12.24.10:355][  0]LogFileCache: Scanning file cache for directory 'C:/Users/Christopher Nash/Documents/Unreal Projects/VR_Shooting_Gallery/Content/Developers/ChristopherNash/Collections/' took 0.01s
[2017.12.08-12.24.10:355][  0]LogFileCache: Scanning file cache for directory 'C:/Users/Christopher Nash/Documents/Unreal Projects/VR_Shooting_Gallery/Content/Collections/' took 0.01s
[2017.12.08-12.24.10:355][  0]LogCollectionManager: Rebuilt the GUID cache for 0 collections in 0.000000 seconds
[2017.12.08-12.24.10:368][  0]LogContentBrowser: Native class hierarchy populated in 0.0103 seconds. Added 2386 classes and 500 folders.
[2017.12.08-12.24.10:521][  0]LogContentBrowser: Native class hierarchy updated for 'WidgetCarousel' in 0.0200 seconds. Added 0 classes and 0 folders.
[2017.12.08-12.24.11:906][  0]LogContentBrowser: Native class hierarchy updated for 'AddContentDialog' in 0.0007 seconds. Added 0 classes and 0 folders.
[2017.12.08-12.24.12:071][  0]LogContentBrowser: Native class hierarchy updated for 'SceneOutliner' in 0.0008 seconds. Added 1 classes and 2 folders.
[2017.12.08-12.24.12:664][  0]LogSlate: Took 0.016484 seconds to synchronously load lazily loaded font '../../../Engine/Content/Slate/Fonts/Roboto-Regular.ttf' (155K)
[2017.12.08-12.24.12:705][  0]LogSlate: Took 0.023483 seconds to synchronously load lazily loaded font '../../../Engine/Content/Slate/Fonts/Roboto-Bold.ttf' (160K)
[2017.12.08-12.24.12:784][  0]LogSlate: Took 0.027489 seconds to synchronously load lazily loaded font '../../../Engine/Content/Editor/Slate/Fonts/FontAwesome.ttf' (139K)
[2017.12.08-12.24.13:471][  0]LogRenderer: Reallocating scene render targets to support 856x372 Format 10 NumSamples 1 (Frame:1).
[2017.12.08-12.24.14:533][  0]LogContentBrowser: Native class hierarchy updated for 'HierarchicalLODOutliner' in 0.0009 seconds. Added 1 classes and 2 folders.
[2017.12.08-12.24.14:533][  0]LogLoad: (Engine Initialization) Total time: 124.53 seconds
[2017.12.08-12.24.14:533][  0]LogLoad: (Engine Initialization) Total Blueprint compile time: 0.00 seconds
[2017.12.08-12.24.14:534][  0]LogExternalProfiler: Found external profiler: VSPerf
[2017.12.08-12.24.14:534][  0]LogExternalProfiler: Using external profiler: VSPerf
[2017.12.08-12.24.14:718][  0]LogContentStreaming: Texture pool size now 1000 MB
[2017.12.08-12.24.15:011][  2]LogAssetRegistry: Asset discovery search completed in 64.9014 seconds
[2017.12.08-12.24.15:013][  2]LogCollectionManager: Rebuilt the object cache for 0 collections in 0.000001 seconds (found 0 objects)
[2017.12.08-12.24.15:014][  2]LogCollectionManager: Fixed up redirectors for 0 collections in 0.000088 seconds (updated 0 objects)
[2017.12.08-12.24.18:901][228]LogSlate: Took 0.017148 seconds to synchronously load lazily loaded font '../../../Engine/Content/Slate/Fonts/Roboto-Light.ttf' (159K)
[2017.12.08-12.25.23:151][783]LogTemp: Executing iPhonePackager certificates Engine -bundlename com.YourCompany.VRShootingGallery
[2017.12.08-12.25.23:151][783]LogTemp: CWD: C:\Program Files (x86)\Epic Games\UE_4.17\Engine\Binaries\DotNET\IOS
[2017.12.08-12.25.23:151][783]LogTemp: Initial Dir: C:\Program Files (x86)\Epic Games\UE_4.17
[2017.12.08-12.25.23:151][783]LogTemp: Env CWD: C:\Program Files (x86)\Epic Games\UE_4.17\Engine\Binaries\DotNET\IOS
[2017.12.08-12.25.23:169][784]LogTemp: BranchPath = CHRIS-LAPTOP/C/Program Files (x86)/Epic Games/UE_4.17/Engine/Binaries --- GameBranchPath = CHRIS-LAPTOP/C/Program Files (x86)/Epic Games/UE_4.17/Engine/Binaries
[2017.12.08-12.25.23:451][801]LogTemp: IPP ERROR: Could not find provision directory 'C:\Users\Christopher Nash\AppData\Local/Apple Computer/MobileDevice/Provisioning Profiles/'.
[2017.12.08-12.32.09:580][435]LogEditorViewport: Clicking on Actor (LMB): StaticMeshActor (Floor)
[2017.12.08-12.32.35:538][236]LogEditorViewport: Clicking on Actor (LMB): BP_Sky_Sphere_C (Sky Sphere)
[2017.12.08-12.34.05:822][639]LogSlate: Took 0.035080 seconds to synchronously load lazily loaded font '../../../Engine/Content/Slate/Fonts/Roboto-Light.ttf' (159K)
[2017.12.08-12.34.14:782][174]LogSlate: Took 0.000154 seconds to synchronously load lazily loaded font '../../../Engine/Content/Slate/Fonts/Roboto-Light.ttf' (159K)
[2017.12.08-12.34.15:265][174]LogSavePackage: Save=176.37ms
[2017.12.08-12.34.15:265][174]LogSavePackage: Moving '../../../../../../Users/Christopher Nash/Documents/Unreal Projects/VR_Shooting_Gallery/Saved/VRMap_Auto1D1A299674F956E1B3C9675AC5841BD0D.tmp' to '../../../../../../Users/Christopher Nash/Documents/Unreal Projects/VR_Shooting_Gallery/Saved/Autosaves/Game/Maps/VRMap_Auto1.umap'
[2017.12.08-12.34.15:287][174]LogSavePackage: Display: Finished SavePackage ../../../../../../Users/Christopher Nash/Documents/Unreal Projects/VR_Shooting_Gallery/Saved/Autosaves/Game/Maps/VRMap_Auto1.umap
[2017.12.08-12.34.15:321][174]LogFileHelpers: Editor autosave (incl. sublevels) for '/Game/Maps/VRMap' took 0.474
[2017.12.08-12.34.15:321][174]LogFileHelpers: Editor autosave (incl. sublevels) for all levels took 0.474
[2017.12.08-12.36.50:527][424]LogSlate: Took 0.018708 seconds to synchronously load lazily loaded font '../../../Engine/Content/Slate/Fonts/Roboto-Regular.ttf' (155K)
[2017.12.08-12.36.53:002][424]LogContentBrowser: Native class hierarchy updated for 'BlueprintGraph' in 0.0013 seconds. Added 113 classes and 0 folders.
[2017.12.08-12.37.27:783][346]BlueprintLog: New page: Compile VRPawn
[2017.12.08-12.37.28:595][346]LogSavePackage: Save=64.98ms
[2017.12.08-12.37.28:595][346]LogSavePackage: Moving '../../../../../../Users/Christopher Nash/Documents/Unreal Projects/VR_Shooting_Gallery/Saved/VRPawn670DA9ED424E61540948C7AF98753250.tmp' to '../../../../../../Users/Christopher Nash/Documents/Unreal Projects/VR_Shooting_Gallery/Content/Blueprints/Player/VRPawn.uasset'
[2017.12.08-12.37.28:602][346]LogSavePackage: Display: Finished SavePackage ../../../../../../Users/Christopher Nash/Documents/Unreal Projects/VR_Shooting_Gallery/Content/Blueprints/Player/VRPawn.uasset
[2017.12.08-12.37.29:385][391]LogSavePackage: Save=16.04ms
[2017.12.08-12.37.29:385][391]LogSavePackage: Moving '../../../../../../Users/Christopher Nash/Documents/Unreal Projects/VR_Shooting_Gallery/Saved/VRPawn3909A29A4A3594F647DF069D3A3AE1CD.tmp' to '../../../../../../Users/Christopher Nash/Documents/Unreal Projects/VR_Shooting_Gallery/Content/Blueprints/Player/VRPawn.uasset'
[2017.12.08-12.37.29:387][391]LogSavePackage: Display: Finished SavePackage ../../../../../../Users/Christopher Nash/Documents/Unreal Projects/VR_Shooting_Gallery/Content/Blueprints/Player/VRPawn.uasset
[2017.12.08-12.37.45:129][336]BlueprintLog: New page: Compile VRPawn
[2017.12.08-12.37.45:717][358]LogSavePackage: Save=17.67ms
[2017.12.08-12.37.45:717][358]LogSavePackage: Moving '../../../../../../Users/Christopher Nash/Documents/Unreal Projects/VR_Shooting_Gallery/Saved/VRPawn5EC02A124D296656E9AF53A267D9EB23.tmp' to '../../../../../../Users/Christopher Nash/Documents/Unreal Projects/VR_Shooting_Gallery/Content/Blueprints/Player/VRPawn.uasset'
[2017.12.08-12.37.45:748][358]LogSavePackage: Display: Finished SavePackage ../../../../../../Users/Christopher Nash/Documents/Unreal Projects/VR_Shooting_Gallery/Content/Blueprints/Player/VRPawn.uasset
[2017.12.08-12.38.04:850][435]LogSlate: Took 0.051686 seconds to synchronously load lazily loaded font '../../../Engine/Content/Editor/Slate/Fonts/Roboto-BoldCondensed.ttf' (158K)
[2017.12.08-12.38.06:099][489]LogSlate: Took 0.036695 seconds to synchronously load lazily loaded font '../../../Engine/Content/Editor/Slate/Fonts/Roboto-Italic.ttf' (157K)
[2017.12.08-12.38.07:618][577]LogRenderer: Reallocating scene render targets to support 856x588 Format 10 NumSamples 1 (Frame:1).
[2017.12.08-12.38.54:837][144]BlueprintLog: New page: Compile VRPawn
[2017.12.08-12.38.55:483][161]LogSavePackage: Save=17.83ms
[2017.12.08-12.38.55:483][161]LogSavePackage: Moving '../../../../../../Users/Christopher Nash/Documents/Unreal Projects/VR_Shooting_Gallery/Saved/VRPawn3BEA38984681A314C86B6BB6DB7BDB92.tmp' to '../../../../../../Users/Christopher Nash/Documents/Unreal Projects/VR_Shooting_Gallery/Content/Blueprints/Player/VRPawn.uasset'
[2017.12.08-12.38.55:487][161]LogSavePackage: Display: Finished SavePackage ../../../../../../Users/Christopher Nash/Documents/Unreal Projects/VR_Shooting_Gallery/Content/Blueprints/Player/VRPawn.uasset
[2017.12.08-12.39.40:749][820]BlueprintLog: New page: Compile VRPawn
[2017.12.08-12.39.41:216][833]LogSavePackage: Save=17.69ms
[2017.12.08-12.39.41:216][833]LogSavePackage: Moving '../../../../../../Users/Christopher Nash/Documents/Unreal Projects/VR_Shooting_Gallery/Saved/VRPawn33AE802D48D3914F18144D96C9FE6D56.tmp' to '../../../../../../Users/Christopher Nash/Documents/Unreal Projects/VR_Shooting_Gallery/Content/Blueprints/Player/VRPawn.uasset'
[2017.12.08-12.39.41:220][833]LogSavePackage: Display: Finished SavePackage ../../../../../../Users/Christopher Nash/Documents/Unreal Projects/VR_Shooting_Gallery/Content/Blueprints/Player/VRPawn.uasset
[2017.12.08-12.41.24:771][ 43]BlueprintLog: New page: Compile VRPawn
[2017.12.08-12.41.25:238][ 51]LogSavePackage: Save=15.70ms
[2017.12.08-12.41.25:238][ 51]LogSavePackage: Moving '../../../../../../Users/Christopher Nash/Documents/Unreal Projects/VR_Shooting_Gallery/Saved/VRPawn5AE1BD844ECF312C891B088C1C02E513.tmp' to '../../../../../../Users/Christopher Nash/Documents/Unreal Projects/VR_Shooting_Gallery/Content/Blueprints/Player/VRPawn.uasset'
[2017.12.08-12.41.25:240][ 51]LogSavePackage: Display: Finished SavePackage ../../../../../../Users/Christopher Nash/Documents/Unreal Projects/VR_Shooting_Gallery/Content/Blueprints/Player/VRPawn.uasset
[2017.12.08-12.42.56:374][515]LogEditorViewport: Clicking on Actor (LMB): StaticMeshActor (Floor)
[2017.12.08-12.42.58:123][613]LogEditorViewport: Clicking on Actor (LMB): StaticMeshActor (Floor)
[2017.12.08-12.42.58:550][637]LogEditorViewport: Clicking on Actor (LMB): StaticMeshActor (Floor)
[2017.12.08-12.42.58:976][661]LogEditorViewport: Clicking on Actor (LMB): BP_Sky_Sphere_C (Sky Sphere)
[2017.12.08-12.43.00:611][755]LogEditorViewport: Clicking on Actor (LMB): PlayerStart (Player Start)
[2017.12.08-12.43.01:834][826]LogEditorViewport: Clicking on Actor (LMB): StaticMeshActor (Floor)
[2017.12.08-12.43.02:624][869]LogEditorViewport: Clicking on Actor (LMB): StaticMeshActor (Floor)
[2017.12.08-12.43.05:198][ 22]LogEditorViewport: Clicking on Actor (LMB): BP_Sky_Sphere_C (Sky Sphere)
[2017.12.08-12.43.14:135][545]LogEditorViewport: Clicking on Actor (LMB): StaticMeshActor (Floor)
[2017.12.08-12.43.16:100][659]LogEditorViewport: Clicking on Actor (LMB): BP_Sky_Sphere_C (Sky Sphere)
[2017.12.08-12.43.22:350][883]LogSavePackage: Save=28.75ms
[2017.12.08-12.43.22:350][883]LogSavePackage: Moving '../../../../../../Users/Christopher Nash/Documents/Unreal Projects/VR_Shooting_Gallery/Saved/VRMapF4DDC01243385DAEDFAC388A62686286.tmp' to '../../../../../../Users/Christopher Nash/Documents/Unreal Projects/VR_Shooting_Gallery/Content/Maps/VRMap.umap'
[2017.12.08-12.43.22:358][883]LogSavePackage: Display: Finished SavePackage ../../../../../../Users/Christopher Nash/Documents/Unreal Projects/VR_Shooting_Gallery/Content/Maps/VRMap.umap
[2017.12.08-12.43.22:437][883]LogFileHelpers: Saving map 'VRMap' took 2.490
[2017.12.08-12.44.27:715][767]BlueprintLog: New page: Compile VRPawn
[2017.12.08-12.44.28:318][784]LogSavePackage: Save=18.90ms
[2017.12.08-12.44.28:319][784]LogSavePackage: Moving '../../../../../../Users/Christopher Nash/Documents/Unreal Projects/VR_Shooting_Gallery/Saved/VRPawnEF932E644D5CCF39AC953283AD6A2952.tmp' to '../../../../../../Users/Christopher Nash/Documents/Unreal Projects/VR_Shooting_Gallery/Content/Blueprints/Player/VRPawn.uasset'
[2017.12.08-12.44.28:323][784]LogSavePackage: Display: Finished SavePackage ../../../../../../Users/Christopher Nash/Documents/Unreal Projects/VR_Shooting_Gallery/Content/Blueprints/Player/VRPawn.uasset
[2017.12.08-12.45.29:791][465]BlueprintLog: New page: Compile VRPawn
[2017.12.08-12.45.30:306][479]LogSavePackage: Save=21.14ms
[2017.12.08-12.45.30:306][479]LogSavePackage: Moving '../../../../../../Users/Christopher Nash/Documents/Unreal Projects/VR_Shooting_Gallery/Saved/VRPawn974CAFAF4527A3BDA876678446FC52AA.tmp' to '../../../../../../Users/Christopher Nash/Documents/Unreal Projects/VR_Shooting_Gallery/Content/Blueprints/Player/VRPawn.uasset'
[2017.12.08-12.45.30:311][479]LogSavePackage: Display: Finished SavePackage ../../../../../../Users/Christopher Nash/Documents/Unreal Projects/VR_Shooting_Gallery/Content/Blueprints/Player/VRPawn.uasset
[2017.12.08-12.47.47:415][592]BlueprintLog: New page: Compile VRPawn
[2017.12.08-12.47.48:034][598]LogSavePackage: Save=62.72ms
[2017.12.08-12.47.48:034][598]LogSavePackage: Moving '../../../../../../Users/Christopher Nash/Documents/Unreal Projects/VR_Shooting_Gallery/Saved/VRPawnD96B9FB34861E0C2A94ECF839C74AA12.tmp' to '../../../../../../Users/Christopher Nash/Documents/Unreal Projects/VR_Shooting_Gallery/Content/Blueprints/Player/VRPawn.uasset'
[2017.12.08-12.47.48:038][598]LogSavePackage: Display: Finished SavePackage ../../../../../../Users/Christopher Nash/Documents/Unreal Projects/VR_Shooting_Gallery/Content/Blueprints/Player/VRPawn.uasset
[2017.12.08-12.48.37:447][556]BlueprintLog: New page: Compile VRPawn
[2017.12.08-12.48.38:041][569]LogSavePackage: Save=30.59ms
[2017.12.08-12.48.38:042][569]LogSavePackage: Moving '../../../../../../Users/Christopher Nash/Documents/Unreal Projects/VR_Shooting_Gallery/Saved/VRPawnD22B93AB4B13E0DC8B197DACA3813BCF.tmp' to '../../../../../../Users/Christopher Nash/Documents/Unreal Projects/VR_Shooting_Gallery/Content/Blueprints/Player/VRPawn.uasset'
[2017.12.08-12.48.38:068][569]LogSavePackage: Display: Finished SavePackage ../../../../../../Users/Christopher Nash/Documents/Unreal Projects/VR_Shooting_Gallery/Content/Blueprints/Player/VRPawn.uasset
[2017.12.08-12.49.54:767][955]BlueprintLog: New page: Compile VRPawn
[2017.12.08-12.49.55:353][965]LogSavePackage: Save=30.90ms
[2017.12.08-12.49.55:353][965]LogSavePackage: Moving '../../../../../../Users/Christopher Nash/Documents/Unreal Projects/VR_Shooting_Gallery/Saved/VRPawn2216F06142A833D0FD6FD38A82225C63.tmp' to '../../../../../../Users/Christopher Nash/Documents/Unreal Projects/VR_Shooting_Gallery/Content/Blueprints/Player/VRPawn.uasset'
[2017.12.08-12.49.55:356][965]LogSavePackage: Display: Finished SavePackage ../../../../../../Users/Christopher Nash/Documents/Unreal Projects/VR_Shooting_Gallery/Content/Blueprints/Player/VRPawn.uasset
[2017.12.08-13.01.12:999][606]LogEditorViewport: Clicking on Actor (LMB): StaticMeshActor (Floor)
[2017.12.08-13.01.19:252][919]Cmd: TRANSACTION UNDO
[2017.12.08-13.01.19:252][919]LogEditorTransaction: Undo Move Actors
[2017.12.08-13.01.36:480][910]LogSavePackage: Save=86.62ms
[2017.12.08-13.01.36:480][910]LogSavePackage: Moving '../../../../../../Users/Christopher Nash/Documents/Unreal Projects/VR_Shooting_Gallery/Saved/VRMap95B337254A9CDC281BC87588587B027C.tmp' to '../../../../../../Users/Christopher Nash/Documents/Unreal Projects/VR_Shooting_Gallery/Content/Maps/VRMap.umap'
[2017.12.08-13.01.36:484][910]LogSavePackage: Display: Finished SavePackage ../../../../../../Users/Christopher Nash/Documents/Unreal Projects/VR_Shooting_Gallery/Content/Maps/VRMap.umap
[2017.12.08-13.01.36:522][910]LogFileHelpers: Saving map 'VRMap' took 0.224
[2017.12.08-13.03.45:899][657]Cmd: TRANSACTION UNDO
[2017.12.08-13.03.45:899][657]LogEditorTransaction: Undo Edit Extrude Depth
[2017.12.08-13.03.52:068][ 25]LogEditorViewport: Clicking Background
[2017.12.08-13.04.04:313][749]LogEditorViewport: Clicking Background
[2017.12.08-13.04.17:522][524]Cmd: DELETE
[2017.12.08-13.04.17:524][524]Cmd: ACTOR DELETE
[2017.12.08-13.04.17:787][524]LogEditorActor: Deleted Actor: Brush
[2017.12.08-13.04.17:815][524]LogEditorActor: Deleted 1 Actors (0.047 secs)
[2017.12.08-13.05.02:093][178]Cmd: DELETE
[2017.12.08-13.05.02:121][178]Cmd: ACTOR DELETE
[2017.12.08-13.05.02:122][178]LogEditorActor: Deleted Actor: Brush
[2017.12.08-13.05.02:147][178]LogEditorActor: Deleted 1 Actors (0.026 secs)
[2017.12.08-13.05.24:298][504]Cmd: DELETE
[2017.12.08-13.05.24:300][504]Cmd: ACTOR DELETE
[2017.12.08-13.05.24:301][504]LogEditorActor: Deleted Actor: Brush
[2017.12.08-13.05.24:325][504]LogEditorActor: Deleted 1 Actors (0.025 secs)
[2017.12.08-13.06.26:637][217]LogEditorViewport: Clicking on Actor (LMB): BP_Sky_Sphere_C (Sky Sphere)
[2017.12.08-13.06.44:840][296]Cmd: POLY SELECT MATCHING BRUSH
[2017.12.08-13.07.35:966][291]LogStaticMesh: Building static mesh GunMesh...
[2017.12.08-13.07.36:021][291]LogStaticMesh: Built static mesh [0.08s] /Game/Meshes/GunMesh.GunMesh
[2017.12.08-13.07.36:059][291]LogActorFactory: Actor Factory created GunMesh
[2017.12.08-13.07.36:171][291]LogEditor: Error: Actor 'Brush /Game/Maps/VRMap.VRMap:PersistentLevel.BoxBrush_7' is marked pending kill and cannot be converted
[2017.12.08-13.07.36:172][291]EditorErrors: New page: Actor Reattachment
[2017.12.08-13.07.46:246][892]LogEditorViewport: Clicking on Actor (LMB): StaticMeshActor (GunMesh)
[2017.12.08-13.07.47:306][954]Cmd: DELETE
[2017.12.08-13.07.47:307][954]Cmd: ACTOR DELETE
[2017.12.08-13.07.47:307][954]LogEditorActor: Deleted Actor: StaticMeshActor
[2017.12.08-13.07.47:331][954]LogEditorActor: Deleted 1 Actors (0.024 secs)
[2017.12.08-13.08.13:427][285]LogRenderer: Reallocating scene render targets to support 1016x612 Format 10 NumSamples 1 (Frame:202).
[2017.12.08-13.08.22:753][833]LogSlate: Warning: Slate: Had to block on waiting for a draw buffer
[2017.12.08-13.08.24:363][834]LogRenderer: Reallocating scene render targets to support 1016x692 Format 10 NumSamples 1 (Frame:1).
[2017.12.08-13.08.50:866][138]Cmd: OBJ SAVEPACKAGE PACKAGE="/Game/Meshes/GunMesh" FILE="../../../../../../Users/Christopher Nash/Documents/Unreal Projects/VR_Shooting_Gallery/Content/Meshes/GunMesh.uasset" SILENT=true
[2017.12.08-13.08.50:917][138]LogSavePackage: Save=47.96ms
[2017.12.08-13.08.50:917][138]LogSavePackage: Moving '../../../../../../Users/Christopher Nash/Documents/Unreal Projects/VR_Shooting_Gallery/Saved/GunMeshA3B2A83D493FB82FEA9741B937C1259E.tmp' to '../../../../../../Users/Christopher Nash/Documents/Unreal Projects/VR_Shooting_Gallery/Content/Meshes/GunMesh.uasset'
[2017.12.08-13.08.50:923][138]LogSavePackage: Display: Finished SavePackage ../../../../../../Users/Christopher Nash/Documents/Unreal Projects/VR_Shooting_Gallery/Content/Meshes/GunMesh.uasset
[2017.12.08-13.09.25:134][607]LogContentBrowser: Native class hierarchy updated for 'MaterialEditor' in 0.0009 seconds. Added 1 classes and 0 folders.
[2017.12.08-13.09.25:205][607]LogMaterial: Missing cached shader map for material GunMat, compiling. 
[2017.12.08-13.09.26:115][607]LogMaterial: Missing cached shader map for material GunMat, compiling. 
[2017.12.08-13.09.31:241][841]MaterialEditorStats: Base pass shader: 78 instructions
[2017.12.08-13.09.31:241][841]MaterialEditorStats: Vertex shader: 29 instructions
[2017.12.08-13.09.31:241][841]MaterialEditorStats: Texture samplers: 1/16
[2017.12.08-13.09.41:053][372]LogMaterial: Missing cached shader map for material GunMat, compiling. 
[2017.12.08-13.09.41:098][372]LogMaterial: Missing cached shader map for material FMatExpressionPreview MaterialExpressionConstant3Vector_0, compiling. 
[2017.12.08-13.09.43:153][458]MaterialEditorStats: Base pass shader: 78 instructions
[2017.12.08-13.09.43:153][458]MaterialEditorStats: Vertex shader: 29 instructions
[2017.12.08-13.09.43:153][458]MaterialEditorStats: Texture samplers: 1/16
[2017.12.08-13.09.53:000][986]LogMaterial: Missing cached shader map for material GunMat, compiling. 
[2017.12.08-13.09.53:032][986]LogMaterial: Missing cached shader map for material FMatExpressionPreview MaterialExpressionConstant3Vector_0, compiling. 
[2017.12.08-13.09.55:287][106]MaterialEditorStats: Base pass shader: 78 instructions
[2017.12.08-13.09.55:287][106]MaterialEditorStats: Vertex shader: 29 instructions
[2017.12.08-13.09.55:287][106]MaterialEditorStats: Texture samplers: 1/16
[2017.12.08-13.10.07:925][782]LogMaterial: Missing cached shader map for material GunMat, compiling. 
[2017.12.08-13.10.07:969][782]LogMaterial: Missing cached shader map for material FMatExpressionPreview MaterialExpressionConstant3Vector_0, compiling. 
[2017.12.08-13.10.09:090][834]LogMaterial: Missing cached shader map for material GunMat, compiling. 
[2017.12.08-13.10.09:133][834]LogMaterial: Missing cached shader map for material FMatExpressionPreview MaterialExpressionConstant3Vector_0, compiling. 
[2017.12.08-13.10.11:843][981]MaterialEditorStats: Base pass shader: 79 instructions
[2017.12.08-13.10.11:843][981]MaterialEditorStats: Vertex shader: 29 instructions
[2017.12.08-13.10.11:843][981]MaterialEditorStats: Texture samplers: 1/16
[2017.12.08-13.10.30:974][969]LogMaterial: Missing cached shader map for material GunMat, compiling. 
[2017.12.08-13.10.31:020][969]LogMaterial: Missing cached shader map for material FMatExpressionPreview MaterialExpressionConstant3Vector_0, compiling. 
[2017.12.08-13.10.33:305][ 73]MaterialEditorStats: Base pass shader: 79 instructions
[2017.12.08-13.10.33:305][ 73]MaterialEditorStats: Vertex shader: 29 instructions
[2017.12.08-13.10.33:305][ 73]MaterialEditorStats: Texture samplers: 1/16
[2017.12.08-13.10.37:225][264]LogMaterial: Missing cached shader map for material GunMat, compiling. 
[2017.12.08-13.10.37:245][264]LogMaterial: Missing cached shader map for material FMatExpressionPreview MaterialExpressionConstant3Vector_0, compiling. 
[2017.12.08-13.10.39:663][386]MaterialEditorStats: Base pass shader: 79 instructions
[2017.12.08-13.10.39:663][386]MaterialEditorStats: Vertex shader: 29 instructions
[2017.12.08-13.10.39:663][386]MaterialEditorStats: Texture samplers: 1/16
[2017.12.08-13.10.40:206][410]LogMaterial: Missing cached shader map for material GunMat, compiling. 
[2017.12.08-13.10.40:230][410]LogMaterial: Missing cached shader map for material FMatExpressionPreview MaterialExpressionConstant3Vector_0, compiling. 
[2017.12.08-13.10.42:615][531]MaterialEditorStats: Base pass shader: 79 instructions
[2017.12.08-13.10.42:616][531]MaterialEditorStats: Vertex shader: 29 instructions
[2017.12.08-13.10.42:616][531]MaterialEditorStats: Texture samplers: 1/16
[2017.12.08-13.10.43:614][579]LogMaterial: Missing cached shader map for material GunMat, compiling. 
[2017.12.08-13.10.43:635][579]LogMaterial: Missing cached shader map for material FMatExpressionPreview MaterialExpressionConstant3Vector_0, compiling. 
[2017.12.08-13.10.45:490][671]LogMaterial: Missing cached shader map for material GunMat, compiling. 
[2017.12.08-13.10.45:516][671]LogMaterial: Missing cached shader map for material FMatExpressionPreview MaterialExpressionConstant3Vector_0, compiling. 
[2017.12.08-13.10.47:998][792]MaterialEditorStats: Base pass shader: 79 instructions
[2017.12.08-13.10.47:998][792]MaterialEditorStats: Vertex shader: 29 instructions
[2017.12.08-13.10.47:998][792]MaterialEditorStats: Texture samplers: 1/16
[2017.12.08-13.10.52:054][ 10]LogMaterialEditor: Applying material GunMat
[2017.12.08-13.10.54:716][ 10]LogMaterial: Missing cached shader map for material GunMat, compiling. 
[2017.12.08-13.10.54:805][ 10]LogMaterial: Missing cached shader map for material GunMat, compiling. 
[2017.12.08-13.10.54:859][ 10]LogMaterial: Missing cached shader map for material GunMat, compiling. 
[2017.12.08-13.10.54:999][ 10]LogMaterial: Missing cached shader map for material FDebugViewModeMaterialProxy GunMat, compiling. 
[2017.12.08-13.10.56:152][ 10]TextureStreamingBuild: Display: Compiling optional shaders took 1.186 seconds.
[2017.12.08-13.10.59:286][163]MaterialEditorStats: Base pass shader: 79 instructions
[2017.12.08-13.10.59:286][163]MaterialEditorStats: Vertex shader: 29 instructions
[2017.12.08-13.10.59:286][163]MaterialEditorStats: Texture samplers: 2/16
[2017.12.08-13.11.02:574][332]LogMaterialEditor: Saving and Compiling material GunMat
[2017.12.08-13.11.02:616][332]Cmd: OBJ SAVEPACKAGE PACKAGE="/Game/Materials/GunMat" FILE="../../../../../../Users/Christopher Nash/Documents/Unreal Projects/VR_Shooting_Gallery/Content/Materials/GunMat.uasset" SILENT=true
[2017.12.08-13.11.02:637][332]LogSavePackage: Save=18.21ms
[2017.12.08-13.11.02:637][332]LogSavePackage: Moving '../../../../../../Users/Christopher Nash/Documents/Unreal Projects/VR_Shooting_Gallery/Saved/GunMat655F8FB840455F0BB176D4B646F609D8.tmp' to '../../../../../../Users/Christopher Nash/Documents/Unreal Projects/VR_Shooting_Gallery/Content/Materials/GunMat.uasset'
[2017.12.08-13.11.02:644][332]LogSavePackage: Display: Finished SavePackage ../../../../../../Users/Christopher Nash/Documents/Unreal Projects/VR_Shooting_Gallery/Content/Materials/GunMat.uasset
[2017.12.08-13.11.40:365][282]Cmd: OBJ SAVEPACKAGE PACKAGE="/Game/Meshes/GunMesh" FILE="../../../../../../Users/Christopher Nash/Documents/Unreal Projects/VR_Shooting_Gallery/Content/Meshes/GunMesh.uasset" SILENT=true
[2017.12.08-13.11.40:392][282]LogSavePackage: Save=16.91ms
[2017.12.08-13.11.40:392][282]LogSavePackage: Moving '../../../../../../Users/Christopher Nash/Documents/Unreal Projects/VR_Shooting_Gallery/Saved/GunMesh369CA9A749954FD6A8C59887CC57F5FD.tmp' to '../../../../../../Users/Christopher Nash/Documents/Unreal Projects/VR_Shooting_Gallery/Content/Meshes/GunMesh.uasset'
[2017.12.08-13.11.40:396][282]LogSavePackage: Display: Finished SavePackage ../../../../../../Users/Christopher Nash/Documents/Unreal Projects/VR_Shooting_Gallery/Content/Meshes/GunMesh.uasset
[2017.12.08-13.11.56:437][146]LogActorFactory: Actor Factory created GunMesh
[2017.12.08-13.11.57:641][218]LogActorFactory: Actor Factory created GunMesh
[2017.12.08-13.12.49:527][471]LogSavePackage: Save=32.33ms
[2017.12.08-13.12.49:527][471]LogSavePackage: Moving '../../../../../../Users/Christopher Nash/Documents/Unreal Projects/VR_Shooting_Gallery/Saved/VRMap_Auto2E502E0C848A21E1FF788C1AD960574CF.tmp' to '../../../../../../Users/Christopher Nash/Documents/Unreal Projects/VR_Shooting_Gallery/Saved/Autosaves/Game/Maps/VRMap_Auto2.umap'
[2017.12.08-13.12.49:529][471]LogSavePackage: Display: Finished SavePackage ../../../../../../Users/Christopher Nash/Documents/Unreal Projects/VR_Shooting_Gallery/Saved/Autosaves/Game/Maps/VRMap_Auto2.umap
[2017.12.08-13.12.49:532][471]LogFileHelpers: Editor autosave (incl. sublevels) for '/Game/Maps/VRMap' took 0.074
[2017.12.08-13.12.49:532][471]LogFileHelpers: Editor autosave (incl. sublevels) for all levels took 0.074
[2017.12.08-13.12.49:535][471]OBJ SavePackage: Generating thumbnails for [1] asset(s) in package [/Game/Blueprints/Player/VRPawn] ([1] browsable assets)...
[2017.12.08-13.12.49:560][471]OBJ SavePackage:     Rendered thumbnail for [Blueprint /Game/Blueprints/Player/VRPawn.VRPawn]
[2017.12.08-13.12.49:560][471]OBJ SavePackage: Finished generating thumbnails for package [/Game/Blueprints/Player/VRPawn]
[2017.12.08-13.12.49:599][471]LogSavePackage: Save=29.73ms
[2017.12.08-13.12.49:599][471]LogSavePackage: Moving '../../../../../../Users/Christopher Nash/Documents/Unreal Projects/VR_Shooting_Gallery/Saved/VRPawn_Auto27B4CD2274E89E7B6ACF633B0008C7F75.tmp' to '../../../../../../Users/Christopher Nash/Documents/Unreal Projects/VR_Shooting_Gallery/Saved/Autosaves/Game/Blueprints/Player/VRPawn_Auto2.uasset'
[2017.12.08-13.12.49:600][471]LogSavePackage: Display: Finished SavePackage ../../../../../../Users/Christopher Nash/Documents/Unreal Projects/VR_Shooting_Gallery/Saved/Autosaves/Game/Blueprints/Player/VRPawn_Auto2.uasset
[2017.12.08-13.12.49:600][471]LogFileHelpers: Auto-saving content packages took 0.068
[2017.12.08-13.14.00:569][713]BlueprintLog: New page: Compile VRPawn
[2017.12.08-13.14.01:198][723]LogSavePackage: Save=29.14ms
[2017.12.08-13.14.01:198][723]LogSavePackage: Moving '../../../../../../Users/Christopher Nash/Documents/Unreal Projects/VR_Shooting_Gallery/Saved/VRPawnFDF66D6E44E2918F38C58CB87F0DA85E.tmp' to '../../../../../../Users/Christopher Nash/Documents/Unreal Projects/VR_Shooting_Gallery/Content/Blueprints/Player/VRPawn.uasset'
[2017.12.08-13.14.01:205][723]LogSavePackage: Display: Finished SavePackage ../../../../../../Users/Christopher Nash/Documents/Unreal Projects/VR_Shooting_Gallery/Content/Blueprints/Player/VRPawn.uasset
[2017.12.08-13.14.35:557][255]BlueprintLog: New page: Compile VRPawn
[2017.12.08-13.14.36:120][264]LogSavePackage: Save=29.06ms
[2017.12.08-13.14.36:120][264]LogSavePackage: Moving '../../../../../../Users/Christopher Nash/Documents/Unreal Projects/VR_Shooting_Gallery/Saved/VRPawn6CE82FAA4741ABAA6D3071895F24CEDA.tmp' to '../../../../../../Users/Christopher Nash/Documents/Unreal Projects/VR_Shooting_Gallery/Content/Blueprints/Player/VRPawn.uasset'
[2017.12.08-13.14.36:124][264]LogSavePackage: Display: Finished SavePackage ../../../../../../Users/Christopher Nash/Documents/Unreal Projects/VR_Shooting_Gallery/Content/Blueprints/Player/VRPawn.uasset
[2017.12.08-13.15.49:300][587]BlueprintLog: New page: Compile VRPawn
[2017.12.08-13.15.49:946][597]LogSavePackage: Save=30.96ms
[2017.12.08-13.15.49:946][597]LogSavePackage: Moving '../../../../../../Users/Christopher Nash/Documents/Unreal Projects/VR_Shooting_Gallery/Saved/VRPawn79F6829A48BEFC42550663B59B686425.tmp' to '../../../../../../Users/Christopher Nash/Documents/Unreal Projects/VR_Shooting_Gallery/Content/Blueprints/Player/VRPawn.uasset'
[2017.12.08-13.15.49:951][597]LogSavePackage: Display: Finished SavePackage ../../../../../../Users/Christopher Nash/Documents/Unreal Projects/VR_Shooting_Gallery/Content/Blueprints/Player/VRPawn.uasset
[2017.12.08-13.18.29:583][744]LogSavePackage: Save=21.64ms
[2017.12.08-13.18.29:583][744]LogSavePackage: Moving '../../../../../../Users/Christopher Nash/Documents/Unreal Projects/VR_Shooting_Gallery/Saved/VRPawn451A4F4443231DE87DE10C95E0DAF1C3.tmp' to '../../../../../../Users/Christopher Nash/Documents/Unreal Projects/VR_Shooting_Gallery/Content/Blueprints/Player/VRPawn.uasset'
[2017.12.08-13.18.29:587][744]LogSavePackage: Display: Finished SavePackage ../../../../../../Users/Christopher Nash/Documents/Unreal Projects/VR_Shooting_Gallery/Content/Blueprints/Player/VRPawn.uasset
[2017.12.08-13.18.29:887][758]BlueprintLog: New page: Compile VRPawn
[2017.12.08-13.19.09:360][562]BlueprintLog: New page: Compile VRPawn
[2017.12.08-13.19.09:855][567]LogSavePackage: Save=29.75ms
[2017.12.08-13.19.09:855][567]LogSavePackage: Moving '../../../../../../Users/Christopher Nash/Documents/Unreal Projects/VR_Shooting_Gallery/Saved/VRPawnF1B22E8F4B25616D363224A29E65E6F6.tmp' to '../../../../../../Users/Christopher Nash/Documents/Unreal Projects/VR_Shooting_Gallery/Content/Blueprints/Player/VRPawn.uasset'
[2017.12.08-13.19.09:861][567]LogSavePackage: Display: Finished SavePackage ../../../../../../Users/Christopher Nash/Documents/Unreal Projects/VR_Shooting_Gallery/Content/Blueprints/Player/VRPawn.uasset
[2017.12.08-13.21.30:816][202]LogSavePackage: Save=22.48ms
[2017.12.08-13.21.30:816][202]LogSavePackage: Moving '../../../../../../Users/Christopher Nash/Documents/Unreal Projects/VR_Shooting_Gallery/Saved/VRPawnA8F761624FBCEAEBFDE473B66FAFB455.tmp' to '../../../../../../Users/Christopher Nash/Documents/Unreal Projects/VR_Shooting_Gallery/Content/Blueprints/Player/VRPawn.uasset'
[2017.12.08-13.21.30:819][202]LogSavePackage: Display: Finished SavePackage ../../../../../../Users/Christopher Nash/Documents/Unreal Projects/VR_Shooting_Gallery/Content/Blueprints/Player/VRPawn.uasset
[2017.12.08-13.21.31:227][221]BlueprintLog: New page: Compile VRPawn
[2017.12.08-13.29.12:256][903]LogSavePackage: Save=30.00ms
[2017.12.08-13.29.12:256][903]LogSavePackage: Moving '../../../../../../Users/Christopher Nash/Documents/Unreal Projects/VR_Shooting_Gallery/Saved/VRPawnD9D6137A4BC7C26FEF69ECACC3B939DB.tmp' to '../../../../../../Users/Christopher Nash/Documents/Unreal Projects/VR_Shooting_Gallery/Content/Blueprints/Player/VRPawn.uasset'
[2017.12.08-13.29.12:257][903]LogSavePackage: Display: Finished SavePackage ../../../../../../Users/Christopher Nash/Documents/Unreal Projects/VR_Shooting_Gallery/Content/Blueprints/Player/VRPawn.uasset
[2017.12.08-13.29.34:873][182]LogEditorViewport: Clicking on Actor (LMB): StaticMeshActor (GunMesh)
[2017.12.08-13.29.35:952][245]Cmd: DELETE
[2017.12.08-13.29.35:952][245]Cmd: ACTOR DELETE
[2017.12.08-13.29.35:953][245]LogEditorActor: Deleted Actor: StaticMeshActor
[2017.12.08-13.29.35:978][245]LogEditorActor: Deleted 1 Actors (0.026 secs)
[2017.12.08-13.30.32:319][619]LogSavePackage: Save=30.02ms
[2017.12.08-13.30.32:319][619]LogSavePackage: Moving '../../../../../../Users/Christopher Nash/Documents/Unreal Projects/VR_Shooting_Gallery/Saved/VRMap_Auto3ECA5DEC242709A0ACAC6D48FBC41FEBD.tmp' to '../../../../../../Users/Christopher Nash/Documents/Unreal Projects/VR_Shooting_Gallery/Saved/Autosaves/Game/Maps/VRMap_Auto3.umap'
[2017.12.08-13.30.32:590][619]LogSavePackage: Display: Finished SavePackage ../../../../../../Users/Christopher Nash/Documents/Unreal Projects/VR_Shooting_Gallery/Saved/Autosaves/Game/Maps/VRMap_Auto3.umap
[2017.12.08-13.30.32:598][619]LogFileHelpers: Editor autosave (incl. sublevels) for '/Game/Maps/VRMap' took 0.349
[2017.12.08-13.30.32:598][619]LogFileHelpers: Editor autosave (incl. sublevels) for all levels took 0.349
[2017.12.08-13.35.50:785][690]LogSavePackage: Save=20.40ms
[2017.12.08-13.35.50:786][690]LogSavePackage: Moving '../../../../../../Users/Christopher Nash/Documents/Unreal Projects/VR_Shooting_Gallery/Saved/VRPawn120A36634A183C7E3F55CD9A2B20F362.tmp' to '../../../../../../Users/Christopher Nash/Documents/Unreal Projects/VR_Shooting_Gallery/Content/Blueprints/Player/VRPawn.uasset'
[2017.12.08-13.35.50:787][690]LogSavePackage: Display: Finished SavePackage ../../../../../../Users/Christopher Nash/Documents/Unreal Projects/VR_Shooting_Gallery/Content/Blueprints/Player/VRPawn.uasset
[2017.12.08-13.35.58:361][  4]LogSavePackage: Save=30.92ms
[2017.12.08-13.35.58:362][  4]LogSavePackage: Moving '../../../../../../Users/Christopher Nash/Documents/Unreal Projects/VR_Shooting_Gallery/Saved/VRMapF10C41644E76FE05AEA894AFCFF18916.tmp' to '../../../../../../Users/Christopher Nash/Documents/Unreal Projects/VR_Shooting_Gallery/Content/Maps/VRMap.umap'
[2017.12.08-13.35.58:394][  4]LogSavePackage: Display: Finished SavePackage ../../../../../../Users/Christopher Nash/Documents/Unreal Projects/VR_Shooting_Gallery/Content/Maps/VRMap.umap
[2017.12.08-13.35.58:455][  4]LogFileHelpers: Saving map 'VRMap' took 0.226
[2017.12.08-13.35.58:988][  5]Cmd: QUIT_EDITOR
[2017.12.08-13.35.59:357][  5]LogWindowsTextInputMethodSystem: Display: IME system now deactivated.
[2017.12.08-13.35.59:442][  5]LogExit: Preparing to exit.
[2017.12.08-13.36.00:755][  5]LogDirectoryWatcher: A directory notification for 'C:/Users/Christopher Nash/Documents/Unreal Projects/VR_Shooting_Gallery/Content/' was aborted.
[2017.12.08-13.36.00:919][  5]LogExit: Editor shut down
[2017.12.08-13.36.00:929][  5]LogExit: Transaction tracking system shut down
[2017.12.08-13.36.01:278][  5]LogDirectoryWatcher: A directory notification for '../../../Engine/Content/' was aborted.
[2017.12.08-13.36.01:278][  5]LogDirectoryWatcher: A directory notification for '../../../../../../Users/Christopher Nash/Documents/Unreal Projects/VR_Shooting_Gallery/Content/' was aborted.
[2017.12.08-13.36.01:278][  5]LogDirectoryWatcher: A directory notification for '../../../Engine/Plugins/2D/Paper2D/Content/' was aborted.
[2017.12.08-13.36.01:278][  5]LogDirectoryWatcher: A directory notification for '../../../Engine/Plugins/Runtime/Oculus/OculusVR/Content/' was aborted.
[2017.12.08-13.36.01:278][  5]LogDirectoryWatcher: A directory notification for '../../../Engine/Plugins/Runtime/Steam/SteamVR/Content/' was aborted.
[2017.12.08-13.36.02:961][  5]LogExit: Object subsystem successfully closed.
[2017.12.08-13.36.03:129][  5]LogD3D11RHI: Shutdown
[2017.12.08-13.36.03:144][  5]LogD3D11RHI: CleanupD3DDevice
[2017.12.08-13.36.03:275][  5]LogD3D11RHI: ~FD3D11DynamicRHI
[2017.12.08-13.36.04:175][  5]LogModuleManager: Shutting down and abandoning module HierarchicalLODUtilities (542)
[2017.12.08-13.36.04:176][  5]LogModuleManager: Shutting down and abandoning module MaterialEditor (540)
[2017.12.08-13.36.04:176][  5]LogModuleManager: Shutting down and abandoning module StaticMeshEditor (538)
[2017.12.08-13.36.04:176][  5]LogModuleManager: Shutting down and abandoning module BlueprintGraph (536)
[2017.12.08-13.36.04:176][  5]LogModuleManager: Shutting down and abandoning module BlueprintProfiler (534)
[2017.12.08-13.36.04:200][  5]LogModuleManager: Shutting down and abandoning module ExternalImagePicker (532)
[2017.12.08-13.36.04:200][  5]LogModuleManager: Shutting down and abandoning module HierarchicalLODOutliner (530)
[2017.12.08-13.36.04:200][  5]LogModuleManager: Shutting down and abandoning module SceneOutliner (528)
[2017.12.08-13.36.04:210][  5]LogModuleManager: Shutting down and abandoning module AddContentDialog (526)
[2017.12.08-13.36.04:227][  5]LogDirectoryWatcher: A directory notification for 'C:/Program Files (x86)/Epic Games/UE_4.17/FeaturePacks/' was aborted.
[2017.12.08-13.36.04:239][  5]LogModuleManager: Shutting down and abandoning module WidgetCarousel (525)
[2017.12.08-13.36.04:239][  5]LogModuleManager: Shutting down and abandoning module EditorWidgets (522)
[2017.12.08-13.36.04:239][  5]LogModuleManager: Shutting down and abandoning module CollectionManager (520)
[2017.12.08-13.36.04:248][  5]LogDirectoryWatcher: A directory notification for 'C:/Users/Christopher Nash/Documents/Unreal Projects/VR_Shooting_Gallery/Content/Collections/' was aborted.
[2017.12.08-13.36.04:249][  5]LogDirectoryWatcher: A directory notification for 'C:/Users/Christopher Nash/Documents/Unreal Projects/VR_Shooting_Gallery/Content/Developers/ChristopherNash/Collections/' was aborted.
[2017.12.08-13.36.04:249][  5]LogDirectoryWatcher: A directory notification for 'C:/Users/Christopher Nash/Documents/Unreal Projects/VR_Shooting_Gallery/Saved/Collections/' was aborted.
[2017.12.08-13.36.04:249][  5]LogModuleManager: Shutting down and abandoning module StatsViewer (518)
[2017.12.08-13.36.04:261][  5]LogModuleManager: Shutting down and abandoning module FoliageEdit (516)
[2017.12.08-13.36.04:261][  5]LogModuleManager: Shutting down and abandoning module LandscapeEditor (514)
[2017.12.08-13.36.04:288][  5]LogModuleManager: Shutting down and abandoning module MeshPaintMode (512)
[2017.12.08-13.36.04:288][  5]LogModuleManager: Shutting down and abandoning module SceneDepthPickerMode (510)
[2017.12.08-13.36.04:288][  5]LogModuleManager: Shutting down and abandoning module ActorPickerMode (508)
[2017.12.08-13.36.04:288][  5]LogModuleManager: Shutting down and abandoning module GeometryMode (506)
[2017.12.08-13.36.04:288][  5]LogModuleManager: Shutting down and abandoning module TextureAlignMode (504)
[2017.12.08-13.36.04:288][  5]LogModuleManager: Shutting down and abandoning module BspMode (502)
[2017.12.08-13.36.04:289][  5]LogModuleManager: Shutting down and abandoning module PIEPreviewDeviceProfileSelector (500)
[2017.12.08-13.36.04:289][  5]LogModuleManager: Shutting down and abandoning module HardwareSurvey (498)
[2017.12.08-13.36.04:289][  5]LogModuleManager: Shutting down and abandoning module SequenceRecorderSections (496)
[2017.12.08-13.36.04:304][  5]LogModuleManager: Shutting down and abandoning module AutomationWorker (494)
[2017.12.08-13.36.04:313][  5]LogModuleManager: Shutting down and abandoning module MatineeToLevelSequence (492)
[2017.12.08-13.36.04:313][  5]LogModuleManager: Shutting down and abandoning module LevelSequenceEditor (490)
[2017.12.08-13.36.04:351][  5]LogModuleManager: Shutting down and abandoning module PlacementMode (489)
[2017.12.08-13.36.04:351][  5]LogModuleManager: Shutting down and abandoning module WmfMediaFactory (486)
[2017.12.08-13.36.04:351][  5]LogModuleManager: Shutting down and abandoning module WmfMediaEditor (484)
[2017.12.08-13.36.04:351][  5]LogModuleManager: Shutting down and abandoning module AvfMediaFactory (482)
[2017.12.08-13.36.04:351][  5]LogModuleManager: Shutting down and abandoning module AvfMediaEditor (480)
[2017.12.08-13.36.04:351][  5]LogModuleManager: Shutting down and abandoning module AndroidMediaFactory (478)
[2017.12.08-13.36.04:351][  5]LogModuleManager: Shutting down and abandoning module Media (477)
[2017.12.08-13.36.04:351][  5]LogModuleManager: Shutting down and abandoning module AndroidMediaEditor (474)
[2017.12.08-13.36.04:351][  5]LogModuleManager: Shutting down and abandoning module CharacterAI (472)
[2017.12.08-13.36.04:351][  5]LogModuleManager: Shutting down and abandoning module AudioCapture (470)
[2017.12.08-13.36.04:351][  5]LogModuleManager: Shutting down and abandoning module SequenceRecorder (469)
[2017.12.08-13.36.04:366][  5]LogModuleManager: Shutting down and abandoning module SmartSnapping (466)
[2017.12.08-13.36.04:366][  5]LogModuleManager: Shutting down and abandoning module SessionServices (464)
[2017.12.08-13.36.04:366][  5]LogModuleManager: Shutting down and abandoning module ViewportSnapping (462)
[2017.12.08-13.36.04:366][  5]LogModuleManager: Shutting down and abandoning module ViewportInteraction (460)
[2017.12.08-13.36.04:366][  5]LogModuleManager: Shutting down and abandoning module ClothPainter (458)
[2017.12.08-13.36.04:396][  5]LogModuleManager: Shutting down and abandoning module LogVisualizer (456)
[2017.12.08-13.36.04:413][  5]LogModuleManager: Shutting down and abandoning module IntroTutorials (454)
[2017.12.08-13.36.04:418][  5]LogModuleManager: Shutting down and abandoning module GameProjectGeneration (453)
[2017.12.08-13.36.04:429][  5]LogModuleManager: Shutting down and abandoning module IOSPlatformEditor (450)
[2017.12.08-13.36.04:429][  5]LogModuleManager: Shutting down and abandoning module HTML5PlatformEditor (448)
[2017.12.08-13.36.04:429][  5]LogModuleManager: Shutting down and abandoning module AndroidPlatformEditor (446)
[2017.12.08-13.36.04:429][  5]LogModuleManager: Shutting down and abandoning module AndroidDeviceDetection (445)
[2017.12.08-13.36.04:604][  5]LogModuleManager: Shutting down and abandoning module WindowsPlatformEditor (442)
[2017.12.08-13.36.04:604][  5]LogModuleManager: Shutting down and abandoning module IOSRuntimeSettings (440)
[2017.12.08-13.36.04:604][  5]LogModuleManager: Shutting down and abandoning module AndroidRuntimeSettings (438)
[2017.12.08-13.36.04:604][  5]LogModuleManager: Shutting down and abandoning module InputBindingEditor (436)
[2017.12.08-13.36.04:614][  5]LogModuleManager: Shutting down and abandoning module MergeActors (434)
[2017.12.08-13.36.04:626][  5]LogModuleManager: Shutting down and abandoning module SizeMap (432)
[2017.12.08-13.36.04:627][  5]LogModuleManager: Shutting down and abandoning module TreeMap (430)
[2017.12.08-13.36.04:634][  5]LogModuleManager: Shutting down and abandoning module ReferenceViewer (428)
[2017.12.08-13.36.04:634][  5]LogModuleManager: Shutting down and abandoning module LocalizationDashboard (426)
[2017.12.08-13.36.04:644][  5]LogModuleManager: Shutting down and abandoning module LocalizationService (425)
[2017.12.08-13.36.04:657][  5]LogModuleManager: Shutting down and abandoning module HardwareTargeting (422)
[2017.12.08-13.36.04:657][  5]LogModuleManager: Shutting down and abandoning module DeviceProfileEditor (420)
[2017.12.08-13.36.04:669][  5]LogModuleManager: Shutting down and abandoning module UndoHistory (418)
[2017.12.08-13.36.04:669][  5]LogModuleManager: Shutting down and abandoning module XmlParser (416)
[2017.12.08-13.36.04:683][  5]LogModuleManager: Shutting down and abandoning module Blutility (414)
[2017.12.08-13.36.04:683][  5]LogModuleManager: Shutting down and abandoning module ProjectSettingsViewer (412)
[2017.12.08-13.36.04:683][  5]LogModuleManager: Shutting down and abandoning module ProjectTargetPlatformEditor (411)
[2017.12.08-13.36.04:683][  5]LogModuleManager: Shutting down and abandoning module EditorSettingsViewer (408)
[2017.12.08-13.36.04:683][  5]LogModuleManager: Shutting down and abandoning module SettingsEditor (406)
[2017.12.08-13.36.04:683][  5]LogModuleManager: Shutting down and abandoning module ProjectLauncher (404)
[2017.12.08-13.36.04:698][  5]LogModuleManager: Shutting down and abandoning module SessionFrontend (402)
[2017.12.08-13.36.04:713][  5]LogModuleManager: Shutting down and abandoning module ProfilerClient (400)
[2017.12.08-13.36.04:732][  5]LogModuleManager: Shutting down and abandoning module DeviceManager (398)
[2017.12.08-13.36.04:760][  5]LogModuleManager: Shutting down and abandoning module TargetDeviceServices (397)
[2017.12.08-13.36.04:829][  5]LogModuleManager: Shutting down and abandoning module AutomationController (394)
[2017.12.08-13.36.04:836][  5]LogModuleManager: Shutting down and abandoning module AutomationWindow (392)
[2017.12.08-13.36.04:853][  5]LogModuleManager: Shutting down and abandoning module Layers (390)
[2017.12.08-13.36.04:886][  5]LogModuleManager: Shutting down and abandoning module ComponentVisualizers (388)
[2017.12.08-13.36.04:886][  5]LogModuleManager: Shutting down and abandoning module DetailCustomizations (386)
[2017.12.08-13.36.04:900][  5]LogModuleManager: Shutting down and abandoning module PackagesDialog (384)
[2017.12.08-13.36.04:900][  5]LogModuleManager: Shutting down and abandoning module Persona (382)
[2017.12.08-13.36.04:922][  5]LogModuleManager: Shutting down and abandoning module AdvancedPreviewScene (381)
[2017.12.08-13.36.04:922][  5]LogModuleManager: Shutting down and abandoning module AnimGraph (379)
[2017.12.08-13.36.04:930][  5]LogModuleManager: Shutting down and abandoning module Kismet (376)
[2017.12.08-13.36.04:946][  5]LogModuleManager: Shutting down and abandoning module ClassViewer (374)
[2017.12.08-13.36.04:946][  5]LogModuleManager: Shutting down and abandoning module Toolbox (372)
[2017.12.08-13.36.04:946][  5]LogModuleManager: Shutting down and abandoning module ModuleUI (370)
[2017.12.08-13.36.04:958][  5]LogModuleManager: Shutting down and abandoning module MovieSceneTools (368)
[2017.12.08-13.36.04:992][  5]LogModuleManager: Shutting down and abandoning module OutputLog (366)
[2017.12.08-13.36.05:004][  5]LogModuleManager: Shutting down and abandoning module GammaUI (364)
[2017.12.08-13.36.05:014][  5]LogModuleManager: Shutting down and abandoning module Documentation (362)
[2017.12.08-13.36.05:014][  5]LogModuleManager: Shutting down and abandoning module MovieSceneTracks (360)
[2017.12.08-13.36.05:014][  5]LogModuleManager: Shutting down and abandoning module MovieScene (358)
[2017.12.08-13.36.05:014][  5]LogModuleManager: Shutting down and abandoning module Niagara (356)
[2017.12.08-13.36.05:014][  5]LogModuleManager: Shutting down and abandoning module NiagaraEditor (355)
[2017.12.08-13.36.05:046][  5]LogModuleManager: Shutting down and abandoning module StreamingPauseRendering (352)
[2017.12.08-13.36.05:046][  5]LogModuleManager: Shutting down and abandoning module LauncherPlatform (350)
[2017.12.08-13.36.05:046][  5]LogModuleManager: Shutting down and abandoning module AnalyticsET (348)
[2017.12.08-13.36.05:046][  5]LogModuleManager: Shutting down and abandoning module PortalServices (346)
[2017.12.08-13.36.05:046][  5]LogModuleManager: Shutting down and abandoning module PortalRpc (344)
[2017.12.08-13.36.05:046][  5]LogModuleManager: Shutting down and abandoning module MessagingRpc (342)
[2017.12.08-13.36.05:046][  5]LogModuleManager: Shutting down and abandoning module AIModule (340)
[2017.12.08-13.36.05:057][  5]LogModuleManager: Shutting down and abandoning module GameplayDebugger (339)
[2017.12.08-13.36.05:057][  5]LogModuleManager: Shutting down and abandoning module AITestSuite (337)
[2017.12.08-13.36.05:065][  5]LogModuleManager: Shutting down and abandoning module ProfilerService (334)
[2017.12.08-13.36.05:128][  5]LogModuleManager: Shutting down and abandoning module TaskGraph (332)
[2017.12.08-13.36.05:148][  5]LogModuleManager: Shutting down and abandoning module SteamVRController (330)
[2017.12.08-13.36.05:148][  5]LogModuleManager: Shutting down and abandoning module ProceduralMeshComponentEditor (328)
[2017.12.08-13.36.05:148][  5]LogModuleManager: Shutting down and abandoning module ProceduralMeshComponent (326)
[2017.12.08-13.36.05:148][  5]LogModuleManager: Shutting down and abandoning module OculusInput (324)
[2017.12.08-13.36.05:156][  5]LogModuleManager: Shutting down and abandoning module MobilePatchingUtils (322)
[2017.12.08-13.36.05:157][  5]LogModuleManager: Shutting down and abandoning module CustomMeshComponent (320)
[2017.12.08-13.36.05:157][  5]LogModuleManager: Shutting down and abandoning module CableComponent (318)
[2017.12.08-13.36.05:167][  5]LogModuleManager: Shutting down and abandoning module ArchVisCharacter (316)
[2017.12.08-13.36.05:167][  5]LogModuleManager: Shutting down and abandoning module AndroidPermission (314)
[2017.12.08-13.36.05:167][  5]LogModuleManager: Shutting down and abandoning module MediaPlayerEditor (310)
[2017.12.08-13.36.05:183][  5]LogModuleManager: Shutting down and abandoning module HTML5Networking (308)
[2017.12.08-13.36.05:183][  5]LogModuleManager: Shutting down and abandoning module AlembicImporter (306)
[2017.12.08-13.36.05:189][  5]LogModuleManager: Shutting down and abandoning module AlembicLibrary (305)
[2017.12.08-13.36.05:189][  5]LogModuleManager: Shutting down and abandoning module GeometryCache (304)
[2017.12.08-13.36.05:189][  5]LogModuleManager: Shutting down and abandoning module GeometryCacheEd (303)
[2017.12.08-13.36.05:189][  5]LogModuleManager: Shutting down and abandoning module SpeedTreeImporter (298)
[2017.12.08-13.36.05:189][  5]LogModuleManager: Shutting down and abandoning module PluginBrowser (296)
[2017.12.08-13.36.05:212][  5]LogModuleManager: Shutting down and abandoning module MobileLauncherProfileWizard (294)
[2017.12.08-13.36.05:225][  5]LogModuleManager: Shutting down and abandoning module VisualStudioSourceCodeAccess (292)
[2017.12.08-13.36.05:225][  5]LogModuleManager: Shutting down and abandoning module DesktopPlatform (291)
[2017.12.08-13.36.05:231][  5]LogModuleManager: Shutting down and abandoning module UObjectPlugin (288)
[2017.12.08-13.36.05:231][  5]LogModuleManager: Shutting down and abandoning module SubversionSourceControl (286)
[2017.12.08-13.36.05:247][  5]LogModuleManager: Shutting down and abandoning module PerforceSourceControl (284)
[2017.12.08-13.36.05:261][  5]LogModuleManager: Shutting down and abandoning module GitSourceControl (282)
[2017.12.08-13.36.05:275][  5]LogModuleManager: Shutting down and abandoning module SourceControl (281)
[2017.12.08-13.36.05:291][  5]LogModuleManager: Shutting down and abandoning module LightPropagationVolumeEditor (278)
[2017.12.08-13.36.05:291][  5]LogModuleManager: Shutting down and abandoning module PaperTiledImporter (276)
[2017.12.08-13.36.05:291][  5]LogModuleManager: Shutting down and abandoning module PaperSpriteSheetImporter (274)
[2017.12.08-13.36.05:291][  5]LogModuleManager: Shutting down and abandoning module Paper2DEditor (272)
[2017.12.08-13.36.05:301][  5]LogModuleManager: Shutting down and abandoning module MeshPaint (271)
[2017.12.08-13.36.05:309][  5]LogModuleManager: Shutting down and abandoning module LevelEditor (269)
[2017.12.08-13.36.05:310][  5]LogModuleManager: Shutting down and abandoning module PixelInspectorModule (268)
[2017.12.08-13.36.05:329][  5]LogModuleManager: Shutting down and abandoning module MainFrame (266)
[2017.12.08-13.36.05:329][  5]LogModuleManager: Shutting down and abandoning module HotReload (265)
[2017.12.08-13.36.05:360][  5]LogModuleManager: Shutting down and abandoning module RuntimePhysXCooking (260)
[2017.12.08-13.36.05:360][  5]LogModuleManager: Shutting down and abandoning module PhysXVehiclesEditor (258)
[2017.12.08-13.36.05:360][  5]LogModuleManager: Shutting down and abandoning module PhysXVehicles (256)
[2017.12.08-13.36.05:360][  5]LogModuleManager: Shutting down and abandoning module OculusEditor (254)
[2017.12.08-13.36.05:360][  5]LogModuleManager: Shutting down and abandoning module LocationServicesBPLibrary (252)
[2017.12.08-13.36.05:360][  5]LogModuleManager: Shutting down and abandoning module ImmediatePhysicsEditor (250)
[2017.12.08-13.36.05:360][  5]LogModuleManager: Shutting down and abandoning module ImmediatePhysics (248)
[2017.12.08-13.36.05:368][  5]LogModuleManager: Shutting down and abandoning module UdpMessaging (246)
[2017.12.08-13.36.05:468][  5]LogModuleManager: Shutting down and abandoning module TcpMessaging (244)
[2017.12.08-13.36.05:576][  5]LogModuleManager: Shutting down and abandoning module GameplayTagsEditor (242)
[2017.12.08-13.36.05:586][  5]LogModuleManager: Shutting down and abandoning module FacialAnimationEditor (240)
[2017.12.08-13.36.05:586][  5]LogModuleManager: Shutting down and abandoning module FacialAnimation (238)
[2017.12.08-13.36.05:586][  5]LogModuleManager: Shutting down and abandoning module AssetManagerEditor (236)
[2017.12.08-13.36.05:628][  5]LogModuleManager: Shutting down and abandoning module GraphEditor (235)
[2017.12.08-13.36.05:628][  5]LogModuleManager: Shutting down and abandoning module ContentBrowser (233)
[2017.12.08-13.36.05:629][  5]LogModuleManager: Shutting down and abandoning module LightPropagationVolumeRuntime (230)
[2017.12.08-13.36.05:630][  5]LogModuleManager: Shutting down and abandoning module Paper2D (228)
[2017.12.08-13.36.05:637][  5]LogModuleManager: Shutting down and abandoning module WindowsMoviePlayer (226)
[2017.12.08-13.36.05:651][  5]LogModuleManager: Shutting down and abandoning module WmfMedia (224)
[2017.12.08-13.36.05:661][  5]LogModuleManager: Shutting down and abandoning module PacketHandler (222)
[2017.12.08-13.36.05:661][  5]LogModuleManager: Shutting down and abandoning module ClothingSystemEditor (220)
[2017.12.08-13.36.05:661][  5]LogModuleManager: Shutting down and abandoning module ClothingSystemRuntime (218)
[2017.12.08-13.36.05:684][  5]LogModuleManager: Shutting down and abandoning module Overlay (216)
[2017.12.08-13.36.05:685][  5]LogModuleManager: Shutting down and abandoning module OverlayEditor (215)
[2017.12.08-13.36.05:685][  5]LogModuleManager: Shutting down and abandoning module MediaAssets (212)
[2017.12.08-13.36.05:685][  5]LogModuleManager: Shutting down and abandoning module VREditor (210)
[2017.12.08-13.36.05:711][  5]LogModuleManager: Shutting down and abandoning module StringTableEditor (208)
[2017.12.08-13.36.05:722][  5]LogModuleManager: Shutting down and abandoning module GameplayTasksEditor (206)
[2017.12.08-13.36.05:722][  5]LogModuleManager: Shutting down and abandoning module BehaviorTreeEditor (204)
[2017.12.08-13.36.05:751][  5]LogModuleManager: Shutting down and abandoning module FunctionalTesting (202)
[2017.12.08-13.36.05:751][  5]LogModuleManager: Shutting down and abandoning module CollisionAnalyzer (200)
[2017.12.08-13.36.05:757][  5]LogModuleManager: Shutting down and abandoning module WorkspaceMenuStructure (199)
[2017.12.08-13.36.05:757][  5]LogModuleManager: Shutting down and abandoning module UMG (196)
[2017.12.08-13.36.05:791][  5]LogModuleManager: Shutting down and abandoning module UMGEditor (195)
[2017.12.08-13.36.05:840][  5]LogModuleManager: Shutting down and abandoning module Sequencer (194)
[2017.12.08-13.36.05:858][  5]LogModuleManager: Shutting down and abandoning module MessageLog (191)
[2017.12.08-13.36.05:858][  5]LogModuleManager: Shutting down and abandoning module SlateReflector (186)
[2017.12.08-13.36.05:886][  5]LogModuleManager: Shutting down and abandoning module Slate (184)
[2017.12.08-13.36.05:886][  5]LogModuleManager: Shutting down and abandoning module EditorStyle (182)
[2017.12.08-13.36.05:889][  5]LogModuleManager: Shutting down and abandoning module MRMesh (180)
[2017.12.08-13.36.05:889][  5]LogModuleManager: Shutting down and abandoning module SourceCodeAccess (178)
[2017.12.08-13.36.05:889][  5]LogModuleManager: Shutting down and abandoning module HeadMountedDisplay (176)
[2017.12.08-13.36.05:889][  5]LogModuleManager: Shutting down and abandoning module XAudio2 (174)
[2017.12.08-13.36.05:889][  5]LogModuleManager: Shutting down and abandoning module Networking (172)
[2017.12.08-13.36.05:889][  5]LogModuleManager: Shutting down and abandoning module Core (168)
[2017.12.08-13.36.05:889][  5]LogModuleManager: Shutting down and abandoning module KismetCompiler (164)
[2017.12.08-13.36.05:889][  5]LogModuleManager: Shutting down and abandoning module LevelSequence (162)
[2017.12.08-13.36.05:889][  5]LogModuleManager: Shutting down and abandoning module MeshUtilities (160)
[2017.12.08-13.36.05:905][  5]LogModuleManager: Shutting down and abandoning module MeshMergeUtilities (159)
[2017.12.08-13.36.05:922][  5]LogModuleManager: Shutting down and abandoning module MeshReductionInterface (158)
[2017.12.08-13.36.05:922][  5]LogModuleManager: Shutting down and abandoning module SimplygonSwarm (157)
[2017.12.08-13.36.05:931][  5]LogModuleManager: Shutting down and abandoning module SimplygonMeshReduction (155)
[2017.12.08-13.36.05:931][  5]LogModuleManager: Shutting down and abandoning module QuadricMeshReduction (153)
[2017.12.08-13.36.05:944][  5]LogModuleManager: Shutting down and abandoning module MaterialBaking (149)
[2017.12.08-13.36.05:953][  5]LogModuleManager: Shutting down and abandoning module DirectoryWatcher (146)
[2017.12.08-13.36.05:954][  5]LogModuleManager: Shutting down and abandoning module DerivedDataCache (144)
[2017.12.08-13.36.06:019][  5]LogDerivedDataCache: Shutdown
[2017.12.08-13.36.06:020][  5]LogModuleManager: Shutting down and abandoning module TargetPlatform (142)
[2017.12.08-13.36.06:020][  5]LogModuleManager: Shutting down and abandoning module VulkanShaderFormat (141)
[2017.12.08-13.36.06:032][  5]LogModuleManager: Shutting down and abandoning module ShaderFormatVectorVM (139)
[2017.12.08-13.36.06:041][  5]LogModuleManager: Shutting down and abandoning module ShaderFormatOpenGL (137)
[2017.12.08-13.36.06:059][  5]LogModuleManager: Shutting down and abandoning module ShaderFormatD3D (135)
[2017.12.08-13.36.06:074][  5]LogModuleManager: Shutting down and abandoning module MetalShaderFormat (133)
[2017.12.08-13.36.06:096][  5]LogModuleManager: Shutting down and abandoning module TextureFormatUncompressed (131)
[2017.12.08-13.36.06:096][  5]LogModuleManager: Shutting down and abandoning module TextureFormatPVR (129)
[2017.12.08-13.36.06:096][  5]LogModuleManager: Shutting down and abandoning module TextureFormatDXT (127)
[2017.12.08-13.36.06:107][  5]LogModuleManager: Shutting down and abandoning module TextureFormatIntelISPCTexComp (125)
[2017.12.08-13.36.06:109][  5]LogModuleManager: Shutting down and abandoning module TextureFormatASTC (123)
[2017.12.08-13.36.06:109][  5]LogModuleManager: Shutting down and abandoning module ImageWrapper (122)
[2017.12.08-13.36.06:109][  5]LogModuleManager: Shutting down and abandoning module TextureFormatAndroid (119)
[2017.12.08-13.36.06:109][  5]LogModuleManager: Shutting down and abandoning module AudioFormatOpus (117)
[2017.12.08-13.36.06:109][  5]LogModuleManager: Shutting down and abandoning module AudioFormatOgg (115)
[2017.12.08-13.36.06:109][  5]LogModuleManager: Shutting down and abandoning module AudioFormatADPCM (113)
[2017.12.08-13.36.06:109][  5]LogModuleManager: Shutting down and abandoning module LinuxTargetPlatform (111)
[2017.12.08-13.36.06:109][  5]LogModuleManager: Shutting down and abandoning module LinuxServerTargetPlatform (109)
[2017.12.08-13.36.06:109][  5]LogModuleManager: Shutting down and abandoning module LinuxNoEditorTargetPlatform (107)
[2017.12.08-13.36.06:109][  5]LogModuleManager: Shutting down and abandoning module LinuxClientTargetPlatform (105)
[2017.12.08-13.36.06:109][  5]LogModuleManager: Shutting down and abandoning module TVOSTargetPlatform (103)
[2017.12.08-13.36.06:109][  5]LogModuleManager: Shutting down and abandoning module Messaging (101)
[2017.12.08-13.36.06:109][  5]LogModuleManager: Shutting down and abandoning module IOSTargetPlatform (99)
[2017.12.08-13.36.06:109][  5]LogModuleManager: Shutting down and abandoning module HTML5TargetPlatform (97)
[2017.12.08-13.36.06:109][  5]LogModuleManager: Shutting down and abandoning module Android_PVRTCTargetPlatform (95)
[2017.12.08-13.36.06:109][  5]LogModuleManager: Shutting down and abandoning module Android_MultiTargetPlatform (93)
[2017.12.08-13.36.06:109][  5]LogModuleManager: Shutting down and abandoning module Android_ETC2TargetPlatform (91)
[2017.12.08-13.36.06:109][  5]LogModuleManager: Shutting down and abandoning module Android_ETC1TargetPlatform (89)
[2017.12.08-13.36.06:109][  5]LogModuleManager: Shutting down and abandoning module Android_DXTTargetPlatform (87)
[2017.12.08-13.36.06:109][  5]LogModuleManager: Shutting down and abandoning module Android_ATCTargetPlatform (85)
[2017.12.08-13.36.06:109][  5]LogModuleManager: Shutting down and abandoning module Android_ASTCTargetPlatform (83)
[2017.12.08-13.36.06:109][  5]LogModuleManager: Shutting down and abandoning module AndroidTargetPlatform (81)
[2017.12.08-13.36.06:109][  5]LogModuleManager: Shutting down and abandoning module WindowsTargetPlatform (79)
[2017.12.08-13.36.06:109][  5]LogModuleManager: Shutting down and abandoning module WindowsServerTargetPlatform (77)
[2017.12.08-13.36.06:109][  5]LogModuleManager: Shutting down and abandoning module WindowsNoEditorTargetPlatform (75)
[2017.12.08-13.36.06:109][  5]LogModuleManager: Shutting down and abandoning module WindowsClientTargetPlatform (73)
[2017.12.08-13.36.06:109][  5]LogModuleManager: Shutting down and abandoning module MacTargetPlatform (71)
[2017.12.08-13.36.06:109][  5]LogModuleManager: Shutting down and abandoning module MacServerTargetPlatform (69)
[2017.12.08-13.36.06:109][  5]LogModuleManager: Shutting down and abandoning module MacNoEditorTargetPlatform (67)
[2017.12.08-13.36.06:109][  5]LogModuleManager: Shutting down and abandoning module MacClientTargetPlatform (65)
[2017.12.08-13.36.06:109][  5]LogModuleManager: Shutting down and abandoning module AllDesktopTargetPlatform (63)
[2017.12.08-13.36.06:109][  5]LogModuleManager: Shutting down and abandoning module InputCore (60)
[2017.12.08-13.36.06:109][  5]LogModuleManager: Shutting down and abandoning module Settings (58)
[2017.12.08-13.36.06:109][  5]LogModuleManager: Shutting down and abandoning module PhysXCooking (56)
[2017.12.08-13.36.06:109][  5]LogModuleManager: Shutting down and abandoning module SteamVR (54)
[2017.12.08-13.36.06:109][  5]LogModuleManager: Shutting down and abandoning module OculusHMD (52)
[2017.12.08-13.36.06:122][  5]LogModuleManager: Shutting down and abandoning module ExampleDeviceProfileSelector (50)
[2017.12.08-13.36.06:122][  5]LogModuleManager: Shutting down and abandoning module OnlineBlueprintSupport (48)
[2017.12.08-13.36.06:122][  5]LogModuleManager: Shutting down and abandoning module OnlineSubsystem (44)
[2017.12.08-13.36.06:122][  5]LogOnline: Display: Unloading online subsystem: NULL
[2017.12.08-13.36.06:153][  5]LogModuleManager: Shutting down and abandoning module XMPP (43)
[2017.12.08-13.36.06:164][  5]LogModuleManager: Shutting down and abandoning module HTTP (41)
[2017.12.08-13.36.06:164][  5]LogHttp: Display: Http module shutting down, but needs to wait on 1 outstanding Http requests:
[2017.12.08-13.36.06:174][  5]LogHttp: Display: 	verb=[POST] url=[https://datarouter.ol.epicgames.com/datarouter/api/v1/public/data?SessionID=%7BE511179B-480F-261C-BC65-7CA431FBCD26%7D&AppID=UEEditor.Rocket.Release&AppVersion=4.17.2-3658906%2B%2B%2BUE4%2BRelease-4.17&UserID=6f8b213b40b2aac4cd12c5b6190b5a8a%7C416aa514bd344c65a3283b10979b9a3a%7C259c91d6-5f86-45d2-a424-d24643cdcbcc&AppEnvironment=datacollector-binary&UploadType=eteventstream] status=Processing
[2017.12.08-13.36.06:203][  5]LogModuleManager: Shutting down and abandoning module SSL (40)
[2017.12.08-13.36.06:220][  5]LogModuleManager: Shutting down and abandoning module AnimationModifiers (36)
[2017.12.08-13.36.06:237][  5]LogModuleManager: Shutting down and abandoning module PropertyEditor (35)
[2017.12.08-13.36.06:237][  5]LogModuleManager: Shutting down and abandoning module AudioEditor (32)
[2017.12.08-13.36.06:456][  5]LogModuleManager: Shutting down and abandoning module TextureCompressor (30)
[2017.12.08-13.36.06:475][  5]LogModuleManager: Shutting down and abandoning module ShaderCore (28)
[2017.12.08-13.36.06:475][  5]LogModuleManager: Shutting down and abandoning module Landscape (26)
[2017.12.08-13.36.06:475][  5]LogModuleManager: Shutting down and abandoning module SlateRHIRenderer (24)
[2017.12.08-13.36.06:570][  5]LogModuleManager: Shutting down and abandoning module OpenGLDrv (22)
[2017.12.08-13.36.06:579][  5]LogModuleManager: Shutting down and abandoning module D3D11RHI (20)
[2017.12.08-13.36.06:579][  5]LogModuleManager: Shutting down and abandoning module AnimGraphRuntime (18)
[2017.12.08-13.36.06:586][  5]LogModuleManager: Shutting down and abandoning module Renderer (16)
[2017.12.08-13.36.06:586][  5]LogModuleManager: Shutting down and abandoning module Engine (14)
[2017.12.08-13.36.06:586][  5]LogModuleManager: Shutting down and abandoning module CoreUObject (12)
[2017.12.08-13.36.06:586][  5]LogModuleManager: Shutting down and abandoning module NetworkFile (10)
[2017.12.08-13.36.06:611][  5]LogModuleManager: Shutting down and abandoning module CookedIterativeFile (8)
[2017.12.08-13.36.06:611][  5]LogModuleManager: Shutting down and abandoning module StreamingFile (6)
[2017.12.08-13.36.06:627][  5]LogModuleManager: Shutting down and abandoning module SandboxFile (4)
[2017.12.08-13.36.06:627][  5]LogModuleManager: Shutting down and abandoning module PakFile (2)
[2017.12.08-13.36.06:679][  5]LogExit: Exiting.
[2017.12.08-13.36.06:694][  5]Log file closed, 12/08/17 13:36:06
